Cloning Python3 environment
Source:      /home/ec2-user/anaconda3/envs/tensorflow_p36
Destination: /home/ec2-user/anaconda3/envs/verafin-mitacs-2020
Packages: 273
Files: 19080

Downloading and Extracting Packages
Preparing transaction: ...working... done
Verifying transaction: ...working... done
Executing transaction: ...working... Enabling nb_conda_kernels...
Status: enabled

+ /home/ec2-user/anaconda3/envs/verafin-mitacs-2020/bin/jupyter-nbextension enable nb_conda --py --sys-prefix
Enabling notebook extension nb_conda/main...
      - Validating: [32mOK[0m
Enabling tree extension nb_conda/tree...
      - Validating: [32mOK[0m
+ /home/ec2-user/anaconda3/envs/verafin-mitacs-2020/bin/jupyter-serverextension enable nb_conda --py --sys-prefix
Enabling: nb_conda
- Writing config: /home/ec2-user/anaconda3/envs/verafin-mitacs-2020/etc/jupyter
    - Validating...
      nb_conda 2.2.1 [32mOK[0m

done
#
# To activate this environment, use
#
#     $ conda activate verafin-mitacs-2020
#
# To deactivate an active environment, use
#
#     $ conda deactivate

WARNING: First activation might take some time (1+ min).
Installing TensorFlow optimized for your Amazon EC2 instance......
Env where framework will be re-installed: tensorflow_p36
Instance m5.4xlarge is identified as a CPU instance, uninstalling tensorflow-gpu, installing optimized version of the Deep Learning framework.
Installing Tensorflow optimized for your Amazon EC2 instance......
Env where framework will be re-installed: tensorflow_p36
WARNING: First activation might take some time (1+ min).
Uninstalling tensorflow-gpu-1.15.2:
  Successfully uninstalled tensorflow-gpu-1.15.2
Processing ./.dl_binaries/tensorflow/cpu_3.6/tensorflow-1.15.2-cp36-cp36m-manylinux2010_x86_64.whl
Requirement already satisfied: protobuf>=3.6.1 in ./anaconda3/envs/verafin-mitacs-2020/lib/python3.6/site-packages (from tensorflow==1.15.2->-r /home/ec2-user/.dl_binaries/tensorflow/cpu_3.6/file_with_whl_file_name_for_pip (line 1)) (3.8.0)
Requirement already satisfied: keras-applications>=1.0.8 in ./anaconda3/envs/verafin-mitacs-2020/lib/python3.6/site-packages (from tensorflow==1.15.2->-r /home/ec2-user/.dl_binaries/tensorflow/cpu_3.6/file_with_whl_file_name_for_pip (line 1)) (1.0.8)
Requirement already satisfied: termcolor>=1.1.0 in ./anaconda3/envs/verafin-mitacs-2020/lib/python3.6/site-packages (from tensorflow==1.15.2->-r /home/ec2-user/.dl_binaries/tensorflow/cpu_3.6/file_with_whl_file_name_for_pip (line 1)) (1.1.0)
Requirement already satisfied: wrapt>=1.11.1 in ./anaconda3/envs/verafin-mitacs-2020/lib/python3.6/site-packages (from tensorflow==1.15.2->-r /home/ec2-user/.dl_binaries/tensorflow/cpu_3.6/file_with_whl_file_name_for_pip (line 1)) (1.11.2)
Requirement already satisfied: numpy<2.0,>=1.16.0 in ./anaconda3/envs/verafin-mitacs-2020/lib/python3.6/site-packages (from tensorflow==1.15.2->-r /home/ec2-user/.dl_binaries/tensorflow/cpu_3.6/file_with_whl_file_name_for_pip (line 1)) (1.16.4)
Requirement already satisfied: grpcio>=1.8.6 in ./anaconda3/envs/verafin-mitacs-2020/lib/python3.6/site-packages (from tensorflow==1.15.2->-r /home/ec2-user/.dl_binaries/tensorflow/cpu_3.6/file_with_whl_file_name_for_pip (line 1)) (1.10.1)
Requirement already satisfied: tensorboard<1.16.0,>=1.15.0 in ./anaconda3/envs/verafin-mitacs-2020/lib/python3.6/site-packages (from tensorflow==1.15.2->-r /home/ec2-user/.dl_binaries/tensorflow/cpu_3.6/file_with_whl_file_name_for_pip (line 1)) (1.15.0)
Requirement already satisfied: opt-einsum>=2.3.2 in ./anaconda3/envs/verafin-mitacs-2020/lib/python3.6/site-packages (from tensorflow==1.15.2->-r /home/ec2-user/.dl_binaries/tensorflow/cpu_3.6/file_with_whl_file_name_for_pip (line 1)) (3.1.0)
Requirement already satisfied: astor>=0.6.0 in ./anaconda3/envs/verafin-mitacs-2020/lib/python3.6/site-packages (from tensorflow==1.15.2->-r /home/ec2-user/.dl_binaries/tensorflow/cpu_3.6/file_with_whl_file_name_for_pip (line 1)) (0.8.1)
Requirement already satisfied: wheel>=0.26; python_version >= "3" in ./anaconda3/envs/verafin-mitacs-2020/lib/python3.6/site-packages (from tensorflow==1.15.2->-r /home/ec2-user/.dl_binaries/tensorflow/cpu_3.6/file_with_whl_file_name_for_pip (line 1)) (0.31.1)
Requirement already satisfied: absl-py>=0.7.0 in ./anaconda3/envs/verafin-mitacs-2020/lib/python3.6/site-packages (from tensorflow==1.15.2->-r /home/ec2-user/.dl_binaries/tensorflow/cpu_3.6/file_with_whl_file_name_for_pip (line 1)) (0.9.0)
Requirement already satisfied: gast==0.2.2 in ./anaconda3/envs/verafin-mitacs-2020/lib/python3.6/site-packages (from tensorflow==1.15.2->-r /home/ec2-user/.dl_binaries/tensorflow/cpu_3.6/file_with_whl_file_name_for_pip (line 1)) (0.2.2)
Requirement already satisfied: tensorflow-estimator==1.15.1 in ./anaconda3/envs/verafin-mitacs-2020/lib/python3.6/site-packages (from tensorflow==1.15.2->-r /home/ec2-user/.dl_binaries/tensorflow/cpu_3.6/file_with_whl_file_name_for_pip (line 1)) (1.15.1)
Requirement already satisfied: google-pasta>=0.1.6 in ./anaconda3/envs/verafin-mitacs-2020/lib/python3.6/site-packages (from tensorflow==1.15.2->-r /home/ec2-user/.dl_binaries/tensorflow/cpu_3.6/file_with_whl_file_name_for_pip (line 1)) (0.1.8)
Requirement already satisfied: keras-preprocessing>=1.0.5 in ./anaconda3/envs/verafin-mitacs-2020/lib/python3.6/site-packages (from tensorflow==1.15.2->-r /home/ec2-user/.dl_binaries/tensorflow/cpu_3.6/file_with_whl_file_name_for_pip (line 1)) (1.1.0)
Requirement already satisfied: six>=1.10.0 in ./anaconda3/envs/verafin-mitacs-2020/lib/python3.6/site-packages (from tensorflow==1.15.2->-r /home/ec2-user/.dl_binaries/tensorflow/cpu_3.6/file_with_whl_file_name_for_pip (line 1)) (1.11.0)
Requirement already satisfied: setuptools in ./anaconda3/envs/verafin-mitacs-2020/lib/python3.6/site-packages (from protobuf>=3.6.1->tensorflow==1.15.2->-r /home/ec2-user/.dl_binaries/tensorflow/cpu_3.6/file_with_whl_file_name_for_pip (line 1)) (45.2.0)
Requirement already satisfied: h5py in ./anaconda3/envs/verafin-mitacs-2020/lib/python3.6/site-packages (from keras-applications>=1.0.8->tensorflow==1.15.2->-r /home/ec2-user/.dl_binaries/tensorflow/cpu_3.6/file_with_whl_file_name_for_pip (line 1)) (2.8.0)
Requirement already satisfied: werkzeug>=0.11.15 in ./anaconda3/envs/verafin-mitacs-2020/lib/python3.6/site-packages (from tensorboard<1.16.0,>=1.15.0->tensorflow==1.15.2->-r /home/ec2-user/.dl_binaries/tensorflow/cpu_3.6/file_with_whl_file_name_for_pip (line 1)) (0.14.1)
Requirement already satisfied: markdown>=2.6.8 in ./anaconda3/envs/verafin-mitacs-2020/lib/python3.6/site-packages (from tensorboard<1.16.0,>=1.15.0->tensorflow==1.15.2->-r /home/ec2-user/.dl_binaries/tensorflow/cpu_3.6/file_with_whl_file_name_for_pip (line 1)) (3.2.1)
Installing collected packages: tensorflow
Successfully installed tensorflow-1.15.2
Instance is identified as a CPU instance, removing tensorflow-serving-gpu
Installation complete.
Requirement already satisfied: ipykernel in ./anaconda3/envs/verafin-mitacs-2020/lib/python3.6/site-packages (4.8.2)
Requirement already satisfied: ipython>=4.0.0 in ./anaconda3/envs/verafin-mitacs-2020/lib/python3.6/site-packages (from ipykernel) (6.4.0)
Requirement already satisfied: traitlets>=4.1.0 in ./anaconda3/envs/verafin-mitacs-2020/lib/python3.6/site-packages (from ipykernel) (4.3.2)
Requirement already satisfied: jupyter_client in ./anaconda3/envs/verafin-mitacs-2020/lib/python3.6/site-packages (from ipykernel) (5.2.3)
Requirement already satisfied: tornado>=4.0 in ./anaconda3/envs/verafin-mitacs-2020/lib/python3.6/site-packages (from ipykernel) (5.0.2)
Requirement already satisfied: jedi>=0.10 in ./anaconda3/envs/verafin-mitacs-2020/lib/python3.6/site-packages (from ipython>=4.0.0->ipykernel) (0.12.0)
Requirement already satisfied: pygments in ./anaconda3/envs/verafin-mitacs-2020/lib/python3.6/site-packages (from ipython>=4.0.0->ipykernel) (2.2.0)
Requirement already satisfied: pexpect; sys_platform != "win32" in ./anaconda3/envs/verafin-mitacs-2020/lib/python3.6/site-packages (from ipython>=4.0.0->ipykernel) (4.5.0)
Requirement already satisfied: simplegeneric>0.8 in ./anaconda3/envs/verafin-mitacs-2020/lib/python3.6/site-packages (from ipython>=4.0.0->ipykernel) (0.8.1)
Requirement already satisfied: decorator in ./anaconda3/envs/verafin-mitacs-2020/lib/python3.6/site-packages (from ipython>=4.0.0->ipykernel) (4.3.0)
Requirement already satisfied: backcall in ./anaconda3/envs/verafin-mitacs-2020/lib/python3.6/site-packages (from ipython>=4.0.0->ipykernel) (0.1.0)
Requirement already satisfied: prompt-toolkit<2.0.0,>=1.0.15 in ./anaconda3/envs/verafin-mitacs-2020/lib/python3.6/site-packages (from ipython>=4.0.0->ipykernel) (1.0.15)
Requirement already satisfied: pickleshare in ./anaconda3/envs/verafin-mitacs-2020/lib/python3.6/site-packages (from ipython>=4.0.0->ipykernel) (0.7.4)
Requirement already satisfied: setuptools>=18.5 in ./anaconda3/envs/verafin-mitacs-2020/lib/python3.6/site-packages (from ipython>=4.0.0->ipykernel) (45.2.0)
Requirement already satisfied: ipython_genutils in ./anaconda3/envs/verafin-mitacs-2020/lib/python3.6/site-packages (from traitlets>=4.1.0->ipykernel) (0.2.0)
Requirement already satisfied: six in ./anaconda3/envs/verafin-mitacs-2020/lib/python3.6/site-packages (from traitlets>=4.1.0->ipykernel) (1.11.0)
Requirement already satisfied: jupyter_core in ./anaconda3/envs/verafin-mitacs-2020/lib/python3.6/site-packages (from jupyter_client->ipykernel) (4.4.0)
Requirement already satisfied: pyzmq>=13 in ./anaconda3/envs/verafin-mitacs-2020/lib/python3.6/site-packages (from jupyter_client->ipykernel) (17.0.0)
Requirement already satisfied: python-dateutil>=2.1 in ./anaconda3/envs/verafin-mitacs-2020/lib/python3.6/site-packages (from jupyter_client->ipykernel) (2.7.3)
Requirement already satisfied: parso>=0.2.0 in ./anaconda3/envs/verafin-mitacs-2020/lib/python3.6/site-packages (from jedi>=0.10->ipython>=4.0.0->ipykernel) (0.2.0)
Requirement already satisfied: ptyprocess>=0.5 in ./anaconda3/envs/verafin-mitacs-2020/lib/python3.6/site-packages (from pexpect; sys_platform != "win32"->ipython>=4.0.0->ipykernel) (0.5.2)
Requirement already satisfied: wcwidth in ./anaconda3/envs/verafin-mitacs-2020/lib/python3.6/site-packages (from prompt-toolkit<2.0.0,>=1.0.15->ipython>=4.0.0->ipykernel) (0.1.7)
Installed kernelspec verafin-mitacs-2020 in /home/ec2-user/.local/share/jupyter/kernels/verafin-mitacs-2020
Installing libraries
Requirement already satisfied: numpy in ./anaconda3/envs/verafin-mitacs-2020/lib/python3.6/site-packages (1.16.4)
Collecting shap
  Downloading https://files.pythonhosted.org/packages/a8/77/b504e43e21a2ba543a1ac4696718beb500cfa708af2fb57cb54ce299045c/shap-0.35.0.tar.gz (273kB)
Requirement already satisfied: scikit-learn in ./anaconda3/envs/verafin-mitacs-2020/lib/python3.6/site-packages (0.22.1)
Collecting sklearn-pandas
  Downloading https://files.pythonhosted.org/packages/1f/48/4e1461d828baf41d609efaa720d20090ac6ec346b5daad3c88e243e2207e/sklearn_pandas-1.8.0-py2.py3-none-any.whl
Collecting imbalanced-learn
  Downloading https://files.pythonhosted.org/packages/c8/73/36a13185c2acff44d601dc6107b5347e075561a49e15ddd4e69988414c3e/imbalanced_learn-0.6.2-py3-none-any.whl (163kB)
Requirement already satisfied: scipy in ./anaconda3/envs/verafin-mitacs-2020/lib/python3.6/site-packages (from shap) (1.4.1)
Requirement already satisfied: pandas in ./anaconda3/envs/verafin-mitacs-2020/lib/python3.6/site-packages (from shap) (0.24.2)
Collecting tqdm>4.25.0
  Downloading https://files.pythonhosted.org/packages/47/55/fd9170ba08a1a64a18a7f8a18f088037316f2a41be04d2fe6ece5a653e8f/tqdm-4.43.0-py2.py3-none-any.whl (59kB)
Requirement already satisfied: joblib>=0.11 in ./anaconda3/envs/verafin-mitacs-2020/lib/python3.6/site-packages (from scikit-learn) (0.14.1)
Requirement already satisfied: pytz>=2011k in ./anaconda3/envs/verafin-mitacs-2020/lib/python3.6/site-packages (from pandas->shap) (2018.4)
Requirement already satisfied: python-dateutil>=2.5.0 in ./anaconda3/envs/verafin-mitacs-2020/lib/python3.6/site-packages (from pandas->shap) (2.7.3)
Requirement already satisfied: six>=1.5 in ./anaconda3/envs/verafin-mitacs-2020/lib/python3.6/site-packages (from python-dateutil>=2.5.0->pandas->shap) (1.11.0)
Building wheels for collected packages: shap
  Building wheel for shap (setup.py): started
  Building wheel for shap (setup.py): finished with status 'done'
  Created wheel for shap: filename=shap-0.35.0-cp36-cp36m-linux_x86_64.whl size=377784 sha256=7aae8a5fa8ef6817e3d0ec2c6838576499990c873eabd61177ec1da42d01c758
  Stored in directory: /home/ec2-user/.cache/pip/wheels/e7/f7/0f/b57055080cf8894906b3bd3616d2fc2bfd0b12d5161bcb24ac
Successfully built shap
Installing collected packages: tqdm, shap, sklearn-pandas, imbalanced-learn
Successfully installed imbalanced-learn-0.6.2 shap-0.35.0 sklearn-pandas-1.8.0 tqdm-4.43.0
Requirement already satisfied: keras in ./anaconda3/envs/verafin-mitacs-2020/lib/python3.6/site-packages (2.2.4)
Requirement already satisfied: Keras-Applications in ./anaconda3/envs/verafin-mitacs-2020/lib/python3.6/site-packages (1.0.8)
Collecting pydot
  Downloading https://files.pythonhosted.org/packages/33/d1/b1479a770f66d962f545c2101630ce1d5592d90cb4f083d38862e93d16d2/pydot-1.4.1-py2.py3-none-any.whl
Collecting graphviz
  Downloading https://files.pythonhosted.org/packages/f5/74/dbed754c0abd63768d3a7a7b472da35b08ac442cf87d73d5850a6f32391e/graphviz-0.13.2-py2.py3-none-any.whl
Requirement already satisfied: pyparsing in ./anaconda3/envs/verafin-mitacs-2020/lib/python3.6/site-packages (2.2.0)
Collecting poetry
  Downloading https://files.pythonhosted.org/packages/19/52/ffdd04d17616cbfa47e0c145d0df2d1cf4280015c39db0a055fbfb06a8e2/poetry-1.0.5-py2.py3-none-any.whl (220kB)
Requirement already satisfied: six>=1.9.0 in ./anaconda3/envs/verafin-mitacs-2020/lib/python3.6/site-packages (from keras) (1.11.0)
Requirement already satisfied: h5py in ./anaconda3/envs/verafin-mitacs-2020/lib/python3.6/site-packages (from keras) (2.8.0)
Requirement already satisfied: keras-preprocessing>=1.0.5 in ./anaconda3/envs/verafin-mitacs-2020/lib/python3.6/site-packages (from keras) (1.1.0)
Requirement already satisfied: pyyaml in ./anaconda3/envs/verafin-mitacs-2020/lib/python3.6/site-packages (from keras) (5.3)
Requirement already satisfied: scipy>=0.14 in ./anaconda3/envs/verafin-mitacs-2020/lib/python3.6/site-packages (from keras) (1.4.1)
Requirement already satisfied: numpy>=1.9.1 in ./anaconda3/envs/verafin-mitacs-2020/lib/python3.6/site-packages (from keras) (1.16.4)
Collecting pexpect<5.0.0,>=4.7.0
  Downloading https://files.pythonhosted.org/packages/39/7b/88dbb785881c28a102619d46423cb853b46dbccc70d3ac362d99773a78ce/pexpect-4.8.0-py2.py3-none-any.whl (59kB)
Collecting cleo<0.8.0,>=0.7.6
  Downloading https://files.pythonhosted.org/packages/4b/9d/10a5923c14c4f0faa98216af5262938f468af76101d9cd124ad2054943c7/cleo-0.7.6-py2.py3-none-any.whl
Requirement already satisfied: html5lib<2.0,>=1.0 in ./anaconda3/envs/verafin-mitacs-2020/lib/python3.6/site-packages (from poetry) (1.0.1)
Collecting jsonschema<4.0,>=3.1
  Downloading https://files.pythonhosted.org/packages/c5/8f/51e89ce52a085483359217bc72cdbf6e75ee595d5b1d4b5ade40c7e018b8/jsonschema-3.2.0-py2.py3-none-any.whl (56kB)
Requirement already satisfied: requests<3.0,>=2.18 in ./anaconda3/envs/verafin-mitacs-2020/lib/python3.6/site-packages (from poetry) (2.20.0)
Collecting keyring<21.0.0,>=20.0.1; python_version >= "3.5" and python_version < "4.0"
  Downloading https://files.pythonhosted.org/packages/f1/07/0afb82d449d210a332d126978634470abdd0c754128a9ead8bbe78eb1b43/keyring-20.0.1-py2.py3-none-any.whl
Collecting clikit<0.5.0,>=0.4.2
  Downloading https://files.pythonhosted.org/packages/ae/8b/37e5d886838717cebd4d6d9d7ca739c14ef07cfa68c04b41beef6390b213/clikit-0.4.2-py2.py3-none-any.whl (88kB)
Collecting cachy<0.4.0,>=0.3.0
  Downloading https://files.pythonhosted.org/packages/82/e6/badd9af6feee43e76c3445b2621a60d3d99fe0e33fffa8df43590212ea63/cachy-0.3.0-py2.py3-none-any.whl
Collecting cachecontrol[filecache]<0.13.0,>=0.12.4
  Downloading https://files.pythonhosted.org/packages/18/71/0a9df4206a5dc5ae7609c41efddab2270a2c1ff61d39de7591dc7302ef89/CacheControl-0.12.6-py2.py3-none-any.whl
Collecting importlib-metadata<1.2.0,>=1.1.3; python_version < "3.8"
  Downloading https://files.pythonhosted.org/packages/5f/bb/47f6789a2433e2ae73b7d4c657082fba84945e6af754a99b5e33980ad65a/importlib_metadata-1.1.3-py2.py3-none-any.whl
Collecting shellingham<2.0,>=1.1
  Downloading https://files.pythonhosted.org/packages/9f/6b/160e80c5386f7820f0a9919cc9a14e5aef2953dc477f0d5ddf3f4f2b62d0/shellingham-1.3.2-py2.py3-none-any.whl
Collecting tomlkit<0.6.0,>=0.5.11
  Downloading https://files.pythonhosted.org/packages/7d/8c/c3ee9cd41b2df781b2dc39c31209724b4f04a3110b46531de2e661ace186/tomlkit-0.5.11-py2.py3-none-any.whl
Collecting pyrsistent<0.15.0,>=0.14.2
  Downloading https://files.pythonhosted.org/packages/8c/46/4e93ab8a379d7efe93f20a0fb8a27bdfe88942cc954ab0210c3164e783e0/pyrsistent-0.14.11.tar.gz (104kB)
Collecting requests-toolbelt<0.9.0,>=0.8.0
  Downloading https://files.pythonhosted.org/packages/97/8a/d710f792d6f6ecc089c5e55b66e66c3f2f35516a1ede5a8f54c13350ffb0/requests_toolbelt-0.8.0-py2.py3-none-any.whl (54kB)
Requirement already satisfied: pkginfo<2.0,>=1.4 in ./anaconda3/envs/verafin-mitacs-2020/lib/python3.6/site-packages (from poetry) (1.4.2)
Requirement already satisfied: ptyprocess>=0.5 in ./anaconda3/envs/verafin-mitacs-2020/lib/python3.6/site-packages (from pexpect<5.0.0,>=4.7.0->poetry) (0.5.2)
Requirement already satisfied: webencodings in ./anaconda3/envs/verafin-mitacs-2020/lib/python3.6/site-packages (from html5lib<2.0,>=1.0->poetry) (0.5.1)
Requirement already satisfied: attrs>=17.4.0 in ./anaconda3/envs/verafin-mitacs-2020/lib/python3.6/site-packages (from jsonschema<4.0,>=3.1->poetry) (18.1.0)
Requirement already satisfied: setuptools in ./anaconda3/envs/verafin-mitacs-2020/lib/python3.6/site-packages (from jsonschema<4.0,>=3.1->poetry) (45.2.0)
Requirement already satisfied: chardet<3.1.0,>=3.0.2 in ./anaconda3/envs/verafin-mitacs-2020/lib/python3.6/site-packages (from requests<3.0,>=2.18->poetry) (3.0.4)
Requirement already satisfied: certifi>=2017.4.17 in ./anaconda3/envs/verafin-mitacs-2020/lib/python3.6/site-packages (from requests<3.0,>=2.18->poetry) (2019.11.28)
Requirement already satisfied: idna<2.8,>=2.5 in ./anaconda3/envs/verafin-mitacs-2020/lib/python3.6/site-packages (from requests<3.0,>=2.18->poetry) (2.6)
Requirement already satisfied: urllib3<1.25,>=1.21.1 in ./anaconda3/envs/verafin-mitacs-2020/lib/python3.6/site-packages (from requests<3.0,>=2.18->poetry) (1.23)
Collecting secretstorage; sys_platform == "linux"
  Downloading https://files.pythonhosted.org/packages/c3/50/8a02cad020e949e6d7105f5f4530d41e3febcaa5b73f8f2148aacb3aeba5/SecretStorage-3.1.2-py3-none-any.whl
Collecting pastel<0.3.0,>=0.2.0
  Downloading https://files.pythonhosted.org/packages/06/cd/999508cef5e92fea672a420e3164bb02c01a763d5d6d5149312194c9178c/pastel-0.2.0-py2.py3-none-any.whl
Collecting pylev<2.0,>=1.3
  Downloading https://files.pythonhosted.org/packages/40/1c/7dff1d242bf1e19f9c6202f0ba4e6fd18cc7ecb8bc85b17b2d16c806e228/pylev-1.3.0-py2.py3-none-any.whl
Requirement already satisfied: msgpack>=0.5.2 in ./anaconda3/envs/verafin-mitacs-2020/lib/python3.6/site-packages (from cachecontrol[filecache]<0.13.0,>=0.12.4->poetry) (0.6.0)
Collecting lockfile>=0.9; extra == "filecache"
  Downloading https://files.pythonhosted.org/packages/c8/22/9460e311f340cb62d26a38c419b1381b8593b0bb6b5d1f056938b086d362/lockfile-0.12.2-py2.py3-none-any.whl
Requirement already satisfied: zipp>=0.5 in ./anaconda3/envs/verafin-mitacs-2020/lib/python3.6/site-packages (from importlib-metadata<1.2.0,>=1.1.3; python_version < "3.8"->poetry) (3.0.0)
Collecting jeepney>=0.4.2
  Downloading https://files.pythonhosted.org/packages/79/31/2e8d42727595faf224c6dbb748c32b192e212f25495fe841fb7ce8e168b8/jeepney-0.4.3-py3-none-any.whl
Requirement already satisfied: cryptography in ./anaconda3/envs/verafin-mitacs-2020/lib/python3.6/site-packages (from secretstorage; sys_platform == "linux"->keyring<21.0.0,>=20.0.1; python_version >= "3.5" and python_version < "4.0"->poetry) (2.8)
Requirement already satisfied: cffi!=1.11.3,>=1.8 in ./anaconda3/envs/verafin-mitacs-2020/lib/python3.6/site-packages (from cryptography->secretstorage; sys_platform == "linux"->keyring<21.0.0,>=20.0.1; python_version >= "3.5" and python_version < "4.0"->poetry) (1.11.5)
Requirement already satisfied: pycparser in ./anaconda3/envs/verafin-mitacs-2020/lib/python3.6/site-packages (from cffi!=1.11.3,>=1.8->cryptography->secretstorage; sys_platform == "linux"->keyring<21.0.0,>=20.0.1; python_version >= "3.5" and python_version < "4.0"->poetry) (2.18)
Building wheels for collected packages: pyrsistent
  Building wheel for pyrsistent (setup.py): started
  Building wheel for pyrsistent (setup.py): finished with status 'done'
  Created wheel for pyrsistent: filename=pyrsistent-0.14.11-cp36-cp36m-linux_x86_64.whl size=111939 sha256=516c8193021ab382058edda1b0794c8e0fd081ddd5369b5a1bc265a591577a59
  Stored in directory: /home/ec2-user/.cache/pip/wheels/83/59/9a/a037b9b3c3e93d9275ea0aff9d6064400f372879dfdab01afe
Successfully built pyrsistent
Installing collected packages: pydot, graphviz, pexpect, pastel, pylev, clikit, cleo, pyrsistent, importlib-metadata, jsonschema, jeepney, secretstorage, keyring, cachy, lockfile, cachecontrol, shellingham, tomlkit, requests-toolbelt, poetry
  Found existing installation: pexpect 4.5.0
    Uninstalling pexpect-4.5.0:
      Successfully uninstalled pexpect-4.5.0
  Found existing installation: importlib-metadata 1.5.0
    Uninstalling importlib-metadata-1.5.0:
      Successfully uninstalled importlib-metadata-1.5.0
  Found existing installation: jsonschema 2.6.0
    Uninstalling jsonschema-2.6.0:
      Successfully uninstalled jsonschema-2.6.0
Successfully installed cachecontrol-0.12.6 cachy-0.3.0 cleo-0.7.6 clikit-0.4.2 graphviz-0.13.2 importlib-metadata-1.1.3 jeepney-0.4.3 jsonschema-3.2.0 keyring-20.0.1 lockfile-0.12.2 pastel-0.2.0 pexpect-4.8.0 poetry-1.0.5 pydot-1.4.1 pylev-1.3.0 pyrsistent-0.14.11 requests-toolbelt-0.8.0 secretstorage-3.1.2 shellingham-1.3.2 tomlkit-0.5.11
Requirement already satisfied: isort in ./anaconda3/envs/verafin-mitacs-2020/lib/python3.6/site-packages (4.3.4)
Collecting black
  Downloading https://files.pythonhosted.org/packages/fd/bb/ad34bbc93d1bea3de086d7c59e528d4a503ac8fe318bd1fa48605584c3d2/black-19.10b0-py36-none-any.whl (97kB)
Collecting yapf
  Downloading https://files.pythonhosted.org/packages/7c/21/534d143afd3df9cae9b21674fcc32207cb80cfb3de56b89ef7a37c746cca/yapf-0.29.0-py2.py3-none-any.whl (185kB)
Collecting ggplot
  Downloading https://files.pythonhosted.org/packages/48/04/5c88cc51c6713583f2dc78a5296adb9741505348c323d5875bc976143db2/ggplot-0.11.5-py2.py3-none-any.whl (2.2MB)
Collecting PyAthena
  Downloading https://files.pythonhosted.org/packages/16/b5/aa80212ff92250b00ce2c49b8aad0423d73ca0bb51214a5ce1c31d3a672d/PyAthena-1.10.2-py2.py3-none-any.whl (47kB)
Collecting category_encoders
  Downloading https://files.pythonhosted.org/packages/a0/52/c54191ad3782de633ea3d6ee3bb2837bda0cf3bc97644bb6375cf14150a0/category_encoders-2.1.0-py2.py3-none-any.whl (100kB)
Collecting pdpbox
  Downloading https://files.pythonhosted.org/packages/87/23/ac7da5ba1c6c03a87c412e7e7b6e91a10d6ecf4474906c3e736f93940d49/PDPbox-0.2.0.tar.gz (57.7MB)
Requirement already satisfied: attrs>=18.1.0 in ./anaconda3/envs/verafin-mitacs-2020/lib/python3.6/site-packages (from black) (18.1.0)
Collecting typed-ast>=1.4.0
  Downloading https://files.pythonhosted.org/packages/90/ed/5459080d95eb87a02fe860d447197be63b6e2b5e9ff73c2b0a85622994f4/typed_ast-1.4.1-cp36-cp36m-manylinux1_x86_64.whl (737kB)
Collecting regex
  Downloading https://files.pythonhosted.org/packages/2b/48/ff99529267c8c58943256827f3101a6f2e3cc802ae6dc9777abb9bc69c01/regex-2020.2.20-cp36-cp36m-manylinux2010_x86_64.whl (690kB)
Collecting appdirs
  Downloading https://files.pythonhosted.org/packages/56/eb/810e700ed1349edde4cbdc1b2a21e28cdf115f9faf263f6bbf8447c1abf3/appdirs-1.4.3-py2.py3-none-any.whl
Requirement already satisfied: click>=6.5 in ./anaconda3/envs/verafin-mitacs-2020/lib/python3.6/site-packages (from black) (6.7)
Collecting toml>=0.9.4
  Downloading https://files.pythonhosted.org/packages/a2/12/ced7105d2de62fa7c8fb5fce92cc4ce66b57c95fb875e9318dba7f8c5db0/toml-0.10.0-py2.py3-none-any.whl
Collecting pathspec<1,>=0.6
  Downloading https://files.pythonhosted.org/packages/34/fa/c5cc4f796eb954b56fd1f6c7c315647b18b027e0736c9ae87b73bbb1f933/pathspec-0.7.0-py2.py3-none-any.whl
Requirement already satisfied: pandas in ./anaconda3/envs/verafin-mitacs-2020/lib/python3.6/site-packages (from ggplot) (0.24.2)
Requirement already satisfied: patsy>=0.4 in ./anaconda3/envs/verafin-mitacs-2020/lib/python3.6/site-packages (from ggplot) (0.5.0)
Requirement already satisfied: statsmodels in ./anaconda3/envs/verafin-mitacs-2020/lib/python3.6/site-packages (from ggplot) (0.9.0)
Requirement already satisfied: numpy in ./anaconda3/envs/verafin-mitacs-2020/lib/python3.6/site-packages (from ggplot) (1.16.4)
Requirement already satisfied: matplotlib in ./anaconda3/envs/verafin-mitacs-2020/lib/python3.6/site-packages (from ggplot) (3.1.3)
Requirement already satisfied: scipy in ./anaconda3/envs/verafin-mitacs-2020/lib/python3.6/site-packages (from ggplot) (1.4.1)
Collecting brewer2mpl
  Downloading https://files.pythonhosted.org/packages/84/57/00c45a199719e617db0875181134fcb3aeef701deae346547ac722eaaf5e/brewer2mpl-1.4.1-py2.py3-none-any.whl
Requirement already satisfied: cycler in ./anaconda3/envs/verafin-mitacs-2020/lib/python3.6/site-packages (from ggplot) (0.10.0)
Requirement already satisfied: six in ./anaconda3/envs/verafin-mitacs-2020/lib/python3.6/site-packages (from ggplot) (1.11.0)
Collecting future
  Downloading https://files.pythonhosted.org/packages/45/0b/38b06fd9b92dc2b68d58b75f900e97884c45bedd2ff83203d933cf5851c9/future-0.18.2.tar.gz (829kB)
Collecting tenacity>=4.1.0
  Downloading https://files.pythonhosted.org/packages/9a/30/4d1205370f249f6e3ff0d29f8eb3aebfb7f88bf925364a222c6abcbc383e/tenacity-6.1.0-py2.py3-none-any.whl
Requirement already satisfied: botocore>=1.5.52 in ./anaconda3/envs/verafin-mitacs-2020/lib/python3.6/site-packages (from PyAthena) (1.15.20)
Requirement already satisfied: boto3>=1.4.4 in ./anaconda3/envs/verafin-mitacs-2020/lib/python3.6/site-packages (from PyAthena) (1.12.20)
Requirement already satisfied: scikit-learn>=0.20.0 in ./anaconda3/envs/verafin-mitacs-2020/lib/python3.6/site-packages (from category_encoders) (0.22.1)
Requirement already satisfied: joblib in ./anaconda3/envs/verafin-mitacs-2020/lib/python3.6/site-packages (from pdpbox) (0.14.1)
Requirement already satisfied: psutil in ./anaconda3/envs/verafin-mitacs-2020/lib/python3.6/site-packages (from pdpbox) (5.4.5)
Requirement already satisfied: python-dateutil>=2.5.0 in ./anaconda3/envs/verafin-mitacs-2020/lib/python3.6/site-packages (from pandas->ggplot) (2.7.3)
Requirement already satisfied: pytz>=2011k in ./anaconda3/envs/verafin-mitacs-2020/lib/python3.6/site-packages (from pandas->ggplot) (2018.4)
Requirement already satisfied: kiwisolver>=1.0.1 in ./anaconda3/envs/verafin-mitacs-2020/lib/python3.6/site-packages (from matplotlib->ggplot) (1.0.1)
Requirement already satisfied: pyparsing!=2.0.4,!=2.1.2,!=2.1.6,>=2.0.1 in ./anaconda3/envs/verafin-mitacs-2020/lib/python3.6/site-packages (from matplotlib->ggplot) (2.2.0)
Requirement already satisfied: docutils<0.16,>=0.10 in ./anaconda3/envs/verafin-mitacs-2020/lib/python3.6/site-packages (from botocore>=1.5.52->PyAthena) (0.14)
Requirement already satisfied: urllib3<1.26,>=1.20; python_version != "3.4" in ./anaconda3/envs/verafin-mitacs-2020/lib/python3.6/site-packages (from botocore>=1.5.52->PyAthena) (1.23)
Requirement already satisfied: jmespath<1.0.0,>=0.7.1 in ./anaconda3/envs/verafin-mitacs-2020/lib/python3.6/site-packages (from botocore>=1.5.52->PyAthena) (0.9.4)
Requirement already satisfied: s3transfer<0.4.0,>=0.3.0 in ./anaconda3/envs/verafin-mitacs-2020/lib/python3.6/site-packages (from boto3>=1.4.4->PyAthena) (0.3.3)
Requirement already satisfied: setuptools in ./anaconda3/envs/verafin-mitacs-2020/lib/python3.6/site-packages (from kiwisolver>=1.0.1->matplotlib->ggplot) (45.2.0)
Building wheels for collected packages: pdpbox, future
  Building wheel for pdpbox (setup.py): started
  Building wheel for pdpbox (setup.py): finished with status 'done'
  Created wheel for pdpbox: filename=PDPbox-0.2.0-cp36-none-any.whl size=57690730 sha256=7dff4566103e882be6dc21e178c50c1bdd476072479d6ebab3f77a06715b3127
  Stored in directory: /home/ec2-user/.cache/pip/wheels/7d/08/51/63fd122b04a2c87d780464eeffb94867c75bd96a64d500a3fe
  Building wheel for future (setup.py): started
  Building wheel for future (setup.py): finished with status 'done'
  Created wheel for future: filename=future-0.18.2-cp36-none-any.whl size=491095 sha256=3222490aa7edd8d3477ba9403893250944b4c7ad78001c7f22bb4eed13a1a2f5
  Stored in directory: /home/ec2-user/.cache/pip/wheels/8b/99/a0/81daf51dcd359a9377b110a8a886b3895921802d2fc1b2397e
Successfully built pdpbox future
Installing collected packages: typed-ast, regex, appdirs, toml, pathspec, black, yapf, brewer2mpl, ggplot, future, tenacity, PyAthena, category-encoders, pdpbox
Successfully installed PyAthena-1.10.2 appdirs-1.4.3 black-19.10b0 brewer2mpl-1.4.1 category-encoders-2.1.0 future-0.18.2 ggplot-0.11.5 pathspec-0.7.0 pdpbox-0.2.0 regex-2020.2.20 tenacity-6.1.0 toml-0.10.0 typed-ast-1.4.1 yapf-0.29.0
Collecting watermark
  Downloading https://files.pythonhosted.org/packages/60/fe/3ed83b6122e70dce6fe269dfd763103c333f168bf91037add73ea4fe81c2/watermark-2.0.2-py2.py3-none-any.whl
Collecting si_prefix
  Downloading https://files.pythonhosted.org/packages/60/bb/22cca3c8a531fc73ceb94c70143ef63684da22a63a4b13cdf3b44ce34178/si-prefix-1.2.2.tar.gz (64kB)
Collecting qgrid
  Downloading https://files.pythonhosted.org/packages/b6/36/509eebf3e630115455a2f8d84702e2090d3f34d22f89df9d42d9250f43bb/qgrid-1.3.0.tar.gz (789kB)
Requirement already satisfied: plotly in ./anaconda3/envs/verafin-mitacs-2020/lib/python3.6/site-packages (4.5.2)
Collecting lightgbm
  Downloading https://files.pythonhosted.org/packages/0b/9d/ddcb2f43aca194987f1a99e27edf41cf9bc39ea750c3371c2a62698c509a/lightgbm-2.3.1-py2.py3-none-manylinux1_x86_64.whl (1.2MB)
Requirement already satisfied: ipython in ./anaconda3/envs/verafin-mitacs-2020/lib/python3.6/site-packages (from watermark) (6.4.0)
Requirement already satisfied: notebook>=4.0.0 in ./anaconda3/envs/verafin-mitacs-2020/lib/python3.6/site-packages (from qgrid) (5.5.0)
Requirement already satisfied: pandas>=0.18.0 in ./anaconda3/envs/verafin-mitacs-2020/lib/python3.6/site-packages (from qgrid) (0.24.2)
Requirement already satisfied: ipywidgets>=7.0.0 in ./anaconda3/envs/verafin-mitacs-2020/lib/python3.6/site-packages (from qgrid) (7.4.0)
Requirement already satisfied: retrying>=1.3.3 in ./anaconda3/envs/verafin-mitacs-2020/lib/python3.6/site-packages (from plotly) (1.3.3)
Requirement already satisfied: six in ./anaconda3/envs/verafin-mitacs-2020/lib/python3.6/site-packages (from plotly) (1.11.0)
Requirement already satisfied: scikit-learn in ./anaconda3/envs/verafin-mitacs-2020/lib/python3.6/site-packages (from lightgbm) (0.22.1)
Requirement already satisfied: scipy in ./anaconda3/envs/verafin-mitacs-2020/lib/python3.6/site-packages (from lightgbm) (1.4.1)
Requirement already satisfied: numpy in ./anaconda3/envs/verafin-mitacs-2020/lib/python3.6/site-packages (from lightgbm) (1.16.4)
Requirement already satisfied: pexpect; sys_platform != "win32" in ./anaconda3/envs/verafin-mitacs-2020/lib/python3.6/site-packages (from ipython->watermark) (4.8.0)
Requirement already satisfied: setuptools>=18.5 in ./anaconda3/envs/verafin-mitacs-2020/lib/python3.6/site-packages (from ipython->watermark) (45.2.0)
Requirement already satisfied: backcall in ./anaconda3/envs/verafin-mitacs-2020/lib/python3.6/site-packages (from ipython->watermark) (0.1.0)
Requirement already satisfied: pygments in ./anaconda3/envs/verafin-mitacs-2020/lib/python3.6/site-packages (from ipython->watermark) (2.2.0)
Requirement already satisfied: jedi>=0.10 in ./anaconda3/envs/verafin-mitacs-2020/lib/python3.6/site-packages (from ipython->watermark) (0.12.0)
Requirement already satisfied: prompt-toolkit<2.0.0,>=1.0.15 in ./anaconda3/envs/verafin-mitacs-2020/lib/python3.6/site-packages (from ipython->watermark) (1.0.15)
Requirement already satisfied: traitlets>=4.2 in ./anaconda3/envs/verafin-mitacs-2020/lib/python3.6/site-packages (from ipython->watermark) (4.3.2)
Requirement already satisfied: pickleshare in ./anaconda3/envs/verafin-mitacs-2020/lib/python3.6/site-packages (from ipython->watermark) (0.7.4)
Requirement already satisfied: simplegeneric>0.8 in ./anaconda3/envs/verafin-mitacs-2020/lib/python3.6/site-packages (from ipython->watermark) (0.8.1)
Requirement already satisfied: decorator in ./anaconda3/envs/verafin-mitacs-2020/lib/python3.6/site-packages (from ipython->watermark) (4.3.0)
Requirement already satisfied: jupyter-client>=5.2.0 in ./anaconda3/envs/verafin-mitacs-2020/lib/python3.6/site-packages (from notebook>=4.0.0->qgrid) (5.2.3)
Requirement already satisfied: jinja2 in ./anaconda3/envs/verafin-mitacs-2020/lib/python3.6/site-packages (from notebook>=4.0.0->qgrid) (2.10)
Requirement already satisfied: pyzmq>=17 in ./anaconda3/envs/verafin-mitacs-2020/lib/python3.6/site-packages (from notebook>=4.0.0->qgrid) (17.0.0)
Requirement already satisfied: Send2Trash in ./anaconda3/envs/verafin-mitacs-2020/lib/python3.6/site-packages (from notebook>=4.0.0->qgrid) (1.5.0)
Requirement already satisfied: nbconvert in ./anaconda3/envs/verafin-mitacs-2020/lib/python3.6/site-packages (from notebook>=4.0.0->qgrid) (5.4.1)
Requirement already satisfied: ipykernel in ./anaconda3/envs/verafin-mitacs-2020/lib/python3.6/site-packages (from notebook>=4.0.0->qgrid) (4.8.2)
Requirement already satisfied: jupyter-core>=4.4.0 in ./anaconda3/envs/verafin-mitacs-2020/lib/python3.6/site-packages (from notebook>=4.0.0->qgrid) (4.4.0)
Requirement already satisfied: terminado>=0.8.1 in ./anaconda3/envs/verafin-mitacs-2020/lib/python3.6/site-packages (from notebook>=4.0.0->qgrid) (0.8.1)
Requirement already satisfied: tornado>=4 in ./anaconda3/envs/verafin-mitacs-2020/lib/python3.6/site-packages (from notebook>=4.0.0->qgrid) (5.0.2)
Requirement already satisfied: ipython-genutils in ./anaconda3/envs/verafin-mitacs-2020/lib/python3.6/site-packages (from notebook>=4.0.0->qgrid) (0.2.0)
Requirement already satisfied: nbformat in ./anaconda3/envs/verafin-mitacs-2020/lib/python3.6/site-packages (from notebook>=4.0.0->qgrid) (4.4.0)
Requirement already satisfied: python-dateutil>=2.5.0 in ./anaconda3/envs/verafin-mitacs-2020/lib/python3.6/site-packages (from pandas>=0.18.0->qgrid) (2.7.3)
Requirement already satisfied: pytz>=2011k in ./anaconda3/envs/verafin-mitacs-2020/lib/python3.6/site-packages (from pandas>=0.18.0->qgrid) (2018.4)
Requirement already satisfied: widgetsnbextension~=3.4.0 in ./anaconda3/envs/verafin-mitacs-2020/lib/python3.6/site-packages (from ipywidgets>=7.0.0->qgrid) (3.4.2)
Requirement already satisfied: joblib>=0.11 in ./anaconda3/envs/verafin-mitacs-2020/lib/python3.6/site-packages (from scikit-learn->lightgbm) (0.14.1)
Requirement already satisfied: ptyprocess>=0.5 in ./anaconda3/envs/verafin-mitacs-2020/lib/python3.6/site-packages (from pexpect; sys_platform != "win32"->ipython->watermark) (0.5.2)
Requirement already satisfied: parso>=0.2.0 in ./anaconda3/envs/verafin-mitacs-2020/lib/python3.6/site-packages (from jedi>=0.10->ipython->watermark) (0.2.0)
Requirement already satisfied: wcwidth in ./anaconda3/envs/verafin-mitacs-2020/lib/python3.6/site-packages (from prompt-toolkit<2.0.0,>=1.0.15->ipython->watermark) (0.1.7)
Requirement already satisfied: MarkupSafe>=0.23 in ./anaconda3/envs/verafin-mitacs-2020/lib/python3.6/site-packages (from jinja2->notebook>=4.0.0->qgrid) (1.0)
Requirement already satisfied: mistune>=0.8.1 in ./anaconda3/envs/verafin-mitacs-2020/lib/python3.6/site-packages (from nbconvert->notebook>=4.0.0->qgrid) (0.8.3)
Requirement already satisfied: entrypoints>=0.2.2 in ./anaconda3/envs/verafin-mitacs-2020/lib/python3.6/site-packages (from nbconvert->notebook>=4.0.0->qgrid) (0.2.3)
Requirement already satisfied: bleach in ./anaconda3/envs/verafin-mitacs-2020/lib/python3.6/site-packages (from nbconvert->notebook>=4.0.0->qgrid) (2.1.3)
Requirement already satisfied: pandocfilters>=1.4.1 in ./anaconda3/envs/verafin-mitacs-2020/lib/python3.6/site-packages (from nbconvert->notebook>=4.0.0->qgrid) (1.4.2)
Requirement already satisfied: testpath in ./anaconda3/envs/verafin-mitacs-2020/lib/python3.6/site-packages (from nbconvert->notebook>=4.0.0->qgrid) (0.3.1)
Requirement already satisfied: defusedxml in ./anaconda3/envs/verafin-mitacs-2020/lib/python3.6/site-packages (from nbconvert->notebook>=4.0.0->qgrid) (0.6.0)
Requirement already satisfied: jsonschema!=2.5.0,>=2.4 in ./anaconda3/envs/verafin-mitacs-2020/lib/python3.6/site-packages (from nbformat->notebook>=4.0.0->qgrid) (3.2.0)
Requirement already satisfied: html5lib!=1.0b1,!=1.0b2,!=1.0b3,!=1.0b4,!=1.0b5,!=1.0b6,!=1.0b7,!=1.0b8,>=0.99999999pre in ./anaconda3/envs/verafin-mitacs-2020/lib/python3.6/site-packages (from bleach->nbconvert->notebook>=4.0.0->qgrid) (1.0.1)
Requirement already satisfied: pyrsistent>=0.14.0 in ./anaconda3/envs/verafin-mitacs-2020/lib/python3.6/site-packages (from jsonschema!=2.5.0,>=2.4->nbformat->notebook>=4.0.0->qgrid) (0.14.11)
Requirement already satisfied: importlib-metadata; python_version < "3.8" in ./anaconda3/envs/verafin-mitacs-2020/lib/python3.6/site-packages (from jsonschema!=2.5.0,>=2.4->nbformat->notebook>=4.0.0->qgrid) (1.1.3)
Requirement already satisfied: attrs>=17.4.0 in ./anaconda3/envs/verafin-mitacs-2020/lib/python3.6/site-packages (from jsonschema!=2.5.0,>=2.4->nbformat->notebook>=4.0.0->qgrid) (18.1.0)
Requirement already satisfied: webencodings in ./anaconda3/envs/verafin-mitacs-2020/lib/python3.6/site-packages (from html5lib!=1.0b1,!=1.0b2,!=1.0b3,!=1.0b4,!=1.0b5,!=1.0b6,!=1.0b7,!=1.0b8,>=0.99999999pre->bleach->nbconvert->notebook>=4.0.0->qgrid) (0.5.1)
Requirement already satisfied: zipp>=0.5 in ./anaconda3/envs/verafin-mitacs-2020/lib/python3.6/site-packages (from importlib-metadata; python_version < "3.8"->jsonschema!=2.5.0,>=2.4->nbformat->notebook>=4.0.0->qgrid) (3.0.0)
Building wheels for collected packages: si-prefix, qgrid
  Building wheel for si-prefix (setup.py): started
  Building wheel for si-prefix (setup.py): finished with status 'done'
  Created wheel for si-prefix: filename=si_prefix-1.2.2-cp36-none-any.whl size=5880 sha256=c562c1658a4de59e3c65577c46547a84f23dc559f2ae76f0d5d2bacd635506ce
  Stored in directory: /home/ec2-user/.cache/pip/wheels/57/d5/5b/3441f65c8ff1a4a01b196a82d91b8bcf4e1ff5409c9ef09d55
  Building wheel for qgrid (setup.py): started
  Building wheel for qgrid (setup.py): finished with status 'done'
  Created wheel for qgrid: filename=qgrid-1.3.0-py2.py3-none-any.whl size=1563932 sha256=6a632601337aeb2c47fa3588b220649acf435438916e2551a8b556ac598c9060
  Stored in directory: /home/ec2-user/.cache/pip/wheels/14/21/b4/4380b3820a70afb3ece4d606b229068035bdec827313e1faf9
Successfully built si-prefix qgrid
Installing collected packages: watermark, si-prefix, qgrid, lightgbm
Successfully installed lightgbm-2.3.1 qgrid-1.3.0 si-prefix-1.2.2 watermark-2.0.2
Collecting deap
  Downloading https://files.pythonhosted.org/packages/0a/eb/2bd0a32e3ce757fb26264765abbaedd6d4d3640d90219a513aeabd08ee2b/deap-1.3.1-cp36-cp36m-manylinux2010_x86_64.whl (157kB)
Requirement already satisfied: dask in ./anaconda3/envs/verafin-mitacs-2020/lib/python3.6/site-packages (1.2.2)
Requirement already satisfied: joblib in ./anaconda3/envs/verafin-mitacs-2020/lib/python3.6/site-packages (0.14.1)
Collecting xgboost
  Downloading https://files.pythonhosted.org/packages/70/91/551d37ba472bcbd70a25e667acc65a18a9d053657b13afcf0f87aa24d7bb/xgboost-1.0.2-py3-none-manylinux1_x86_64.whl (109.7MB)
Requirement already satisfied: boto3 in ./anaconda3/envs/verafin-mitacs-2020/lib/python3.6/site-packages (1.12.20)
Collecting tensorflow==2.1.0
  Downloading https://files.pythonhosted.org/packages/85/d4/c0cd1057b331bc38b65478302114194bd8e1b9c2bbc06e300935c0e93d90/tensorflow-2.1.0-cp36-cp36m-manylinux2010_x86_64.whl (421.8MB)
Requirement already satisfied: scikit-learn in ./anaconda3/envs/verafin-mitacs-2020/lib/python3.6/site-packages (0.22.1)
Collecting sklearn
  Downloading https://files.pythonhosted.org/packages/1e/7a/dbb3be0ce9bd5c8b7e3d87328e79063f8b263b2b1bfa4774cb1147bfcd3f/sklearn-0.0.tar.gz
Requirement already satisfied: numpy in ./anaconda3/envs/verafin-mitacs-2020/lib/python3.6/site-packages (from deap) (1.16.4)
Requirement already satisfied: scipy in ./anaconda3/envs/verafin-mitacs-2020/lib/python3.6/site-packages (from xgboost) (1.4.1)
Requirement already satisfied: s3transfer<0.4.0,>=0.3.0 in ./anaconda3/envs/verafin-mitacs-2020/lib/python3.6/site-packages (from boto3) (0.3.3)
Requirement already satisfied: jmespath<1.0.0,>=0.7.1 in ./anaconda3/envs/verafin-mitacs-2020/lib/python3.6/site-packages (from boto3) (0.9.4)
Requirement already satisfied: botocore<1.16.0,>=1.15.20 in ./anaconda3/envs/verafin-mitacs-2020/lib/python3.6/site-packages (from boto3) (1.15.20)
Requirement already satisfied: astor>=0.6.0 in ./anaconda3/envs/verafin-mitacs-2020/lib/python3.6/site-packages (from tensorflow==2.1.0) (0.8.1)
Collecting tensorboard<2.2.0,>=2.1.0
  Downloading https://files.pythonhosted.org/packages/d9/41/bbf49b61370e4f4d245d4c6051dfb6db80cec672605c91b1652ac8cc3d38/tensorboard-2.1.1-py3-none-any.whl (3.8MB)
Requirement already satisfied: grpcio>=1.8.6 in ./anaconda3/envs/verafin-mitacs-2020/lib/python3.6/site-packages (from tensorflow==2.1.0) (1.10.1)
Requirement already satisfied: keras-applications>=1.0.8 in ./anaconda3/envs/verafin-mitacs-2020/lib/python3.6/site-packages (from tensorflow==2.1.0) (1.0.8)
Requirement already satisfied: keras-preprocessing>=1.1.0 in ./anaconda3/envs/verafin-mitacs-2020/lib/python3.6/site-packages (from tensorflow==2.1.0) (1.1.0)
Requirement already satisfied: wrapt>=1.11.1 in ./anaconda3/envs/verafin-mitacs-2020/lib/python3.6/site-packages (from tensorflow==2.1.0) (1.11.2)
Requirement already satisfied: gast==0.2.2 in ./anaconda3/envs/verafin-mitacs-2020/lib/python3.6/site-packages (from tensorflow==2.1.0) (0.2.2)
Requirement already satisfied: opt-einsum>=2.3.2 in ./anaconda3/envs/verafin-mitacs-2020/lib/python3.6/site-packages (from tensorflow==2.1.0) (3.1.0)
Requirement already satisfied: google-pasta>=0.1.6 in ./anaconda3/envs/verafin-mitacs-2020/lib/python3.6/site-packages (from tensorflow==2.1.0) (0.1.8)
Requirement already satisfied: protobuf>=3.8.0 in ./anaconda3/envs/verafin-mitacs-2020/lib/python3.6/site-packages (from tensorflow==2.1.0) (3.8.0)
Requirement already satisfied: wheel>=0.26; python_version >= "3" in ./anaconda3/envs/verafin-mitacs-2020/lib/python3.6/site-packages (from tensorflow==2.1.0) (0.31.1)
Requirement already satisfied: absl-py>=0.7.0 in ./anaconda3/envs/verafin-mitacs-2020/lib/python3.6/site-packages (from tensorflow==2.1.0) (0.9.0)
Requirement already satisfied: termcolor>=1.1.0 in ./anaconda3/envs/verafin-mitacs-2020/lib/python3.6/site-packages (from tensorflow==2.1.0) (1.1.0)
Collecting tensorflow-estimator<2.2.0,>=2.1.0rc0
  Downloading https://files.pythonhosted.org/packages/18/90/b77c328a1304437ab1310b463e533fa7689f4bfc41549593056d812fab8e/tensorflow_estimator-2.1.0-py2.py3-none-any.whl (448kB)
Collecting six>=1.12.0
  Downloading https://files.pythonhosted.org/packages/65/eb/1f97cb97bfc2390a276969c6fae16075da282f5058082d4cb10c6c5c1dba/six-1.14.0-py2.py3-none-any.whl
Requirement already satisfied: python-dateutil<3.0.0,>=2.1 in ./anaconda3/envs/verafin-mitacs-2020/lib/python3.6/site-packages (from botocore<1.16.0,>=1.15.20->boto3) (2.7.3)
Requirement already satisfied: urllib3<1.26,>=1.20; python_version != "3.4" in ./anaconda3/envs/verafin-mitacs-2020/lib/python3.6/site-packages (from botocore<1.16.0,>=1.15.20->boto3) (1.23)
Requirement already satisfied: docutils<0.16,>=0.10 in ./anaconda3/envs/verafin-mitacs-2020/lib/python3.6/site-packages (from botocore<1.16.0,>=1.15.20->boto3) (0.14)
Collecting requests<3,>=2.21.0
  Using cached https://files.pythonhosted.org/packages/1a/70/1935c770cb3be6e3a8b78ced23d7e0f3b187f5cbfab4749523ed65d7c9b1/requests-2.23.0-py2.py3-none-any.whl
Requirement already satisfied: setuptools>=41.0.0 in ./anaconda3/envs/verafin-mitacs-2020/lib/python3.6/site-packages (from tensorboard<2.2.0,>=2.1.0->tensorflow==2.1.0) (45.2.0)
Requirement already satisfied: werkzeug>=0.11.15 in ./anaconda3/envs/verafin-mitacs-2020/lib/python3.6/site-packages (from tensorboard<2.2.0,>=2.1.0->tensorflow==2.1.0) (0.14.1)
Requirement already satisfied: markdown>=2.6.8 in ./anaconda3/envs/verafin-mitacs-2020/lib/python3.6/site-packages (from tensorboard<2.2.0,>=2.1.0->tensorflow==2.1.0) (3.2.1)
Collecting google-auth-oauthlib<0.5,>=0.4.1
  Downloading https://files.pythonhosted.org/packages/7b/b8/88def36e74bee9fce511c9519571f4e485e890093ab7442284f4ffaef60b/google_auth_oauthlib-0.4.1-py2.py3-none-any.whl
Collecting google-auth<2,>=1.6.3
  Downloading https://files.pythonhosted.org/packages/5a/8d/e2ebbd0502627ed0d8a408162020e1c0792f088b49fddeedaaeebc206ed7/google_auth-1.11.2-py2.py3-none-any.whl (76kB)
Requirement already satisfied: h5py in ./anaconda3/envs/verafin-mitacs-2020/lib/python3.6/site-packages (from keras-applications>=1.0.8->tensorflow==2.1.0) (2.8.0)
Requirement already satisfied: certifi>=2017.4.17 in ./anaconda3/envs/verafin-mitacs-2020/lib/python3.6/site-packages (from requests<3,>=2.21.0->tensorboard<2.2.0,>=2.1.0->tensorflow==2.1.0) (2019.11.28)
Requirement already satisfied: idna<3,>=2.5 in ./anaconda3/envs/verafin-mitacs-2020/lib/python3.6/site-packages (from requests<3,>=2.21.0->tensorboard<2.2.0,>=2.1.0->tensorflow==2.1.0) (2.6)
Requirement already satisfied: chardet<4,>=3.0.2 in ./anaconda3/envs/verafin-mitacs-2020/lib/python3.6/site-packages (from requests<3,>=2.21.0->tensorboard<2.2.0,>=2.1.0->tensorflow==2.1.0) (3.0.4)
Collecting requests-oauthlib>=0.7.0
  Downloading https://files.pythonhosted.org/packages/a3/12/b92740d845ab62ea4edf04d2f4164d82532b5a0b03836d4d4e71c6f3d379/requests_oauthlib-1.3.0-py2.py3-none-any.whl
Collecting cachetools<5.0,>=2.0.0
  Downloading https://files.pythonhosted.org/packages/08/6a/abf83cb951617793fd49c98cb9456860f5df66ff89883c8660aa0672d425/cachetools-4.0.0-py3-none-any.whl
Requirement already satisfied: rsa<4.1,>=3.1.4 in ./anaconda3/envs/verafin-mitacs-2020/lib/python3.6/site-packages (from google-auth<2,>=1.6.3->tensorboard<2.2.0,>=2.1.0->tensorflow==2.1.0) (3.4.2)
Collecting pyasn1-modules>=0.2.1
  Downloading https://files.pythonhosted.org/packages/95/de/214830a981892a3e286c3794f41ae67a4495df1108c3da8a9f62159b9a9d/pyasn1_modules-0.2.8-py2.py3-none-any.whl (155kB)
Collecting oauthlib>=3.0.0
  Downloading https://files.pythonhosted.org/packages/05/57/ce2e7a8fa7c0afb54a0581b14a65b56e62b5759dbc98e80627142b8a3704/oauthlib-3.1.0-py2.py3-none-any.whl (147kB)
Requirement already satisfied: pyasn1>=0.1.3 in ./anaconda3/envs/verafin-mitacs-2020/lib/python3.6/site-packages (from rsa<4.1,>=3.1.4->google-auth<2,>=1.6.3->tensorboard<2.2.0,>=2.1.0->tensorflow==2.1.0) (0.4.8)
Building wheels for collected packages: sklearn
  Building wheel for sklearn (setup.py): started
  Building wheel for sklearn (setup.py): finished with status 'done'
  Created wheel for sklearn: filename=sklearn-0.0-py2.py3-none-any.whl size=1321 sha256=6bf59b5bd0ff0850b4a9b20ec63c5106dbd2b323d6ea0c02cfcfe7908b8ad35c
  Stored in directory: /home/ec2-user/.cache/pip/wheels/76/03/bb/589d421d27431bcd2c6da284d5f2286c8e3b2ea3cf1594c074
Successfully built sklearn
Installing collected packages: deap, xgboost, requests, cachetools, pyasn1-modules, six, google-auth, oauthlib, requests-oauthlib, google-auth-oauthlib, tensorboard, tensorflow-estimator, tensorflow, sklearn
  Found existing installation: requests 2.20.0
    Uninstalling requests-2.20.0:
      Successfully uninstalled requests-2.20.0
  Found existing installation: six 1.11.0
    Uninstalling six-1.11.0:
      Successfully uninstalled six-1.11.0
  Found existing installation: tensorboard 1.15.0
    Uninstalling tensorboard-1.15.0:
      Successfully uninstalled tensorboard-1.15.0
  Found existing installation: tensorflow-estimator 1.15.1
    Uninstalling tensorflow-estimator-1.15.1:
      Successfully uninstalled tensorflow-estimator-1.15.1
  Found existing installation: tensorflow 1.15.2
    Uninstalling tensorflow-1.15.2:
      Successfully uninstalled tensorflow-1.15.2
Successfully installed cachetools-4.0.0 deap-1.3.1 google-auth-1.11.2 google-auth-oauthlib-0.4.1 oauthlib-3.1.0 pyasn1-modules-0.2.8 requests-2.23.0 requests-oauthlib-1.3.0 six-1.14.0 sklearn-0.0 tensorboard-2.1.1 tensorflow-2.1.0 tensorflow-estimator-2.1.0 xgboost-1.0.2
Collecting kaggle
  Downloading https://files.pythonhosted.org/packages/62/ab/bb20f9b9e24f9a6250f95a432f8d9a7d745f8d24039d7a5a6eaadb7783ba/kaggle-1.5.6.tar.gz (58kB)
Requirement already satisfied: h5py in ./anaconda3/envs/verafin-mitacs-2020/lib/python3.6/site-packages (2.8.0)
Collecting progressbar2
  Downloading https://files.pythonhosted.org/packages/99/ea/3f966e236633d5bf46884236ad1f97a1ac0a8b0d3faf13bb43a6f69b318f/progressbar2-3.50.0-py2.py3-none-any.whl (51kB)
Requirement already satisfied: seaborn in ./anaconda3/envs/verafin-mitacs-2020/lib/python3.6/site-packages (0.8.1)
Requirement already satisfied: matplotlib in ./anaconda3/envs/verafin-mitacs-2020/lib/python3.6/site-packages (3.1.3)
Requirement already satisfied: imbalanced-learn in ./anaconda3/envs/verafin-mitacs-2020/lib/python3.6/site-packages (0.6.2)
Requirement already satisfied: scipy in ./anaconda3/envs/verafin-mitacs-2020/lib/python3.6/site-packages (1.4.1)
Requirement already satisfied: s3fs in ./anaconda3/envs/verafin-mitacs-2020/lib/python3.6/site-packages (0.1.5)
Requirement already satisfied: urllib3<1.25,>=1.21.1 in ./anaconda3/envs/verafin-mitacs-2020/lib/python3.6/site-packages (from kaggle) (1.23)
Requirement already satisfied: six>=1.10 in ./anaconda3/envs/verafin-mitacs-2020/lib/python3.6/site-packages (from kaggle) (1.14.0)
Requirement already satisfied: certifi in ./anaconda3/envs/verafin-mitacs-2020/lib/python3.6/site-packages (from kaggle) (2019.11.28)
Requirement already satisfied: python-dateutil in ./anaconda3/envs/verafin-mitacs-2020/lib/python3.6/site-packages (from kaggle) (2.7.3)
Requirement already satisfied: requests in ./anaconda3/envs/verafin-mitacs-2020/lib/python3.6/site-packages (from kaggle) (2.23.0)
Requirement already satisfied: tqdm in ./anaconda3/envs/verafin-mitacs-2020/lib/python3.6/site-packages (from kaggle) (4.43.0)
Collecting python-slugify
  Downloading https://files.pythonhosted.org/packages/92/5f/7b84a0bba8a0fdd50c046f8b57dcf179dc16237ad33446079b7c484de04c/python-slugify-4.0.0.tar.gz
Requirement already satisfied: numpy>=1.7 in ./anaconda3/envs/verafin-mitacs-2020/lib/python3.6/site-packages (from h5py) (1.16.4)
Collecting python-utils>=2.3.0
  Downloading https://files.pythonhosted.org/packages/d9/ff/623dfa533f3277199957229f053fdb2c73a9c18048680e1899c9a5c95e6b/python_utils-2.4.0-py2.py3-none-any.whl
Requirement already satisfied: pandas in ./anaconda3/envs/verafin-mitacs-2020/lib/python3.6/site-packages (from seaborn) (0.24.2)
Requirement already satisfied: pyparsing!=2.0.4,!=2.1.2,!=2.1.6,>=2.0.1 in ./anaconda3/envs/verafin-mitacs-2020/lib/python3.6/site-packages (from matplotlib) (2.2.0)
Requirement already satisfied: kiwisolver>=1.0.1 in ./anaconda3/envs/verafin-mitacs-2020/lib/python3.6/site-packages (from matplotlib) (1.0.1)
Requirement already satisfied: cycler>=0.10 in ./anaconda3/envs/verafin-mitacs-2020/lib/python3.6/site-packages (from matplotlib) (0.10.0)
Requirement already satisfied: scikit-learn>=0.22 in ./anaconda3/envs/verafin-mitacs-2020/lib/python3.6/site-packages (from imbalanced-learn) (0.22.1)
Requirement already satisfied: joblib>=0.11 in ./anaconda3/envs/verafin-mitacs-2020/lib/python3.6/site-packages (from imbalanced-learn) (0.14.1)
Requirement already satisfied: boto3 in ./anaconda3/envs/verafin-mitacs-2020/lib/python3.6/site-packages (from s3fs) (1.12.20)
Requirement already satisfied: botocore in ./anaconda3/envs/verafin-mitacs-2020/lib/python3.6/site-packages (from s3fs) (1.15.20)
Requirement already satisfied: idna<3,>=2.5 in ./anaconda3/envs/verafin-mitacs-2020/lib/python3.6/site-packages (from requests->kaggle) (2.6)
Requirement already satisfied: chardet<4,>=3.0.2 in ./anaconda3/envs/verafin-mitacs-2020/lib/python3.6/site-packages (from requests->kaggle) (3.0.4)
Collecting text-unidecode>=1.3
  Downloading https://files.pythonhosted.org/packages/a6/a5/c0b6468d3824fe3fde30dbb5e1f687b291608f9473681bbf7dabbf5a87d7/text_unidecode-1.3-py2.py3-none-any.whl (78kB)
Requirement already satisfied: pytz>=2011k in ./anaconda3/envs/verafin-mitacs-2020/lib/python3.6/site-packages (from pandas->seaborn) (2018.4)
Requirement already satisfied: setuptools in ./anaconda3/envs/verafin-mitacs-2020/lib/python3.6/site-packages (from kiwisolver>=1.0.1->matplotlib) (45.2.0)
Requirement already satisfied: s3transfer<0.4.0,>=0.3.0 in ./anaconda3/envs/verafin-mitacs-2020/lib/python3.6/site-packages (from boto3->s3fs) (0.3.3)
Requirement already satisfied: jmespath<1.0.0,>=0.7.1 in ./anaconda3/envs/verafin-mitacs-2020/lib/python3.6/site-packages (from boto3->s3fs) (0.9.4)
Requirement already satisfied: docutils<0.16,>=0.10 in ./anaconda3/envs/verafin-mitacs-2020/lib/python3.6/site-packages (from botocore->s3fs) (0.14)
Building wheels for collected packages: kaggle, python-slugify
  Building wheel for kaggle (setup.py): started
  Building wheel for kaggle (setup.py): finished with status 'done'
  Created wheel for kaggle: filename=kaggle-1.5.6-cp36-none-any.whl size=72866 sha256=99428a4bea11c4fd183e4cb016f51d311d924b903f77e438037df64080484f48
  Stored in directory: /home/ec2-user/.cache/pip/wheels/57/4e/e8/bb28d035162fb8f17f8ca5d42c3230e284c6aa565b42b72674
  Building wheel for python-slugify (setup.py): started
  Building wheel for python-slugify (setup.py): finished with status 'done'
  Created wheel for python-slugify: filename=python_slugify-4.0.0-py2.py3-none-any.whl size=4653 sha256=5ae1202d8ade2a2ae9a8968658d661d362f3e76647e863b6a0cb57e11f04cdff
  Stored in directory: /home/ec2-user/.cache/pip/wheels/11/94/81/312969455540cb0e6a773e5d68a73c14128bfdfd4a7969bb4f
Successfully built kaggle python-slugify
Installing collected packages: text-unidecode, python-slugify, kaggle, python-utils, progressbar2
Successfully installed kaggle-1.5.6 progressbar2-3.50.0 python-slugify-4.0.0 python-utils-2.4.0 text-unidecode-1.3
Done installing libraries
Installing jupyter nbextensions
Collecting jupyter_contrib_nbextensions
  Downloading jupyter_contrib_nbextensions-0.5.1-py2.py3-none-any.whl (20.9 MB)
Requirement already satisfied: ipython-genutils in ./anaconda3/envs/JupyterSystemEnv/lib/python3.6/site-packages (from jupyter_contrib_nbextensions) (0.2.0)
Requirement already satisfied: pyyaml in ./anaconda3/envs/JupyterSystemEnv/lib/python3.6/site-packages (from jupyter_contrib_nbextensions) (5.3)
Requirement already satisfied: nbconvert>=4.2 in ./anaconda3/envs/JupyterSystemEnv/lib/python3.6/site-packages (from jupyter_contrib_nbextensions) (5.6.1)
Collecting lxml
  Downloading lxml-4.5.0-cp36-cp36m-manylinux1_x86_64.whl (5.8 MB)
Requirement already satisfied: jupyter-core in ./anaconda3/envs/JupyterSystemEnv/lib/python3.6/site-packages (from jupyter_contrib_nbextensions) (4.6.1)
Requirement already satisfied: tornado in ./anaconda3/envs/JupyterSystemEnv/lib/python3.6/site-packages (from jupyter_contrib_nbextensions) (6.0.4)
Requirement already satisfied: traitlets>=4.1 in ./anaconda3/envs/JupyterSystemEnv/lib/python3.6/site-packages (from jupyter_contrib_nbextensions) (4.3.3)
Collecting jupyter-contrib-core>=0.3.3
  Downloading jupyter_contrib_core-0.3.3-py2.py3-none-any.whl (18 kB)
Collecting jupyter-nbextensions-configurator>=0.4.0
  Downloading jupyter_nbextensions_configurator-0.4.1.tar.gz (479 kB)
Requirement already satisfied: notebook>=4.0 in ./anaconda3/envs/JupyterSystemEnv/lib/python3.6/site-packages (from jupyter_contrib_nbextensions) (5.7.8)
Collecting jupyter-latex-envs>=1.3.8
  Downloading jupyter_latex_envs-1.4.6.tar.gz (861 kB)
Collecting jupyter-highlight-selected-word>=0.1.1
  Downloading jupyter_highlight_selected_word-0.2.0-py2.py3-none-any.whl (11 kB)
Requirement already satisfied: jinja2>=2.4 in ./anaconda3/envs/JupyterSystemEnv/lib/python3.6/site-packages (from nbconvert>=4.2->jupyter_contrib_nbextensions) (2.11.1)
Requirement already satisfied: entrypoints>=0.2.2 in ./anaconda3/envs/JupyterSystemEnv/lib/python3.6/site-packages (from nbconvert>=4.2->jupyter_contrib_nbextensions) (0.3)
Requirement already satisfied: nbformat>=4.4 in ./anaconda3/envs/JupyterSystemEnv/lib/python3.6/site-packages (from nbconvert>=4.2->jupyter_contrib_nbextensions) (5.0.4)
Requirement already satisfied: defusedxml in ./anaconda3/envs/JupyterSystemEnv/lib/python3.6/site-packages (from nbconvert>=4.2->jupyter_contrib_nbextensions) (0.6.0)
Requirement already satisfied: bleach in ./anaconda3/envs/JupyterSystemEnv/lib/python3.6/site-packages (from nbconvert>=4.2->jupyter_contrib_nbextensions) (3.1.0)
Requirement already satisfied: testpath in ./anaconda3/envs/JupyterSystemEnv/lib/python3.6/site-packages (from nbconvert>=4.2->jupyter_contrib_nbextensions) (0.4.4)
Requirement already satisfied: mistune<2,>=0.8.1 in ./anaconda3/envs/JupyterSystemEnv/lib/python3.6/site-packages (from nbconvert>=4.2->jupyter_contrib_nbextensions) (0.8.4)
Requirement already satisfied: pygments in ./anaconda3/envs/JupyterSystemEnv/lib/python3.6/site-packages (from nbconvert>=4.2->jupyter_contrib_nbextensions) (2.5.2)
Requirement already satisfied: pandocfilters>=1.4.1 in ./anaconda3/envs/JupyterSystemEnv/lib/python3.6/site-packages (from nbconvert>=4.2->jupyter_contrib_nbextensions) (1.4.2)
Requirement already satisfied: decorator in ./anaconda3/envs/JupyterSystemEnv/lib/python3.6/site-packages (from traitlets>=4.1->jupyter_contrib_nbextensions) (4.4.2)
Requirement already satisfied: six in ./anaconda3/envs/JupyterSystemEnv/lib/python3.6/site-packages (from traitlets>=4.1->jupyter_contrib_nbextensions) (1.14.0)
Requirement already satisfied: setuptools in ./anaconda3/envs/JupyterSystemEnv/lib/python3.6/site-packages (from jupyter-contrib-core>=0.3.3->jupyter_contrib_nbextensions) (46.0.0.post20200309)
Requirement already satisfied: ipykernel in ./anaconda3/envs/JupyterSystemEnv/lib/python3.6/site-packages (from notebook>=4.0->jupyter_contrib_nbextensions) (5.1.4)
Requirement already satisfied: pyzmq>=17 in ./anaconda3/envs/JupyterSystemEnv/lib/python3.6/site-packages (from notebook>=4.0->jupyter_contrib_nbextensions) (18.1.1)
Requirement already satisfied: prometheus-client in ./anaconda3/envs/JupyterSystemEnv/lib/python3.6/site-packages (from notebook>=4.0->jupyter_contrib_nbextensions) (0.7.1)
Requirement already satisfied: jupyter-client>=5.2.0 in ./anaconda3/envs/JupyterSystemEnv/lib/python3.6/site-packages (from notebook>=4.0->jupyter_contrib_nbextensions) (5.3.4)
Requirement already satisfied: terminado>=0.8.1 in ./anaconda3/envs/JupyterSystemEnv/lib/python3.6/site-packages (from notebook>=4.0->jupyter_contrib_nbextensions) (0.8.3)
Requirement already satisfied: Send2Trash in ./anaconda3/envs/JupyterSystemEnv/lib/python3.6/site-packages (from notebook>=4.0->jupyter_contrib_nbextensions) (1.5.0)
Requirement already satisfied: ipython in ./anaconda3/envs/JupyterSystemEnv/lib/python3.6/site-packages (from jupyter-latex-envs>=1.3.8->jupyter_contrib_nbextensions) (7.13.0)
Requirement already satisfied: MarkupSafe>=0.23 in ./anaconda3/envs/JupyterSystemEnv/lib/python3.6/site-packages (from jinja2>=2.4->nbconvert>=4.2->jupyter_contrib_nbextensions) (1.1.1)
Requirement already satisfied: jsonschema!=2.5.0,>=2.4 in ./anaconda3/envs/JupyterSystemEnv/lib/python3.6/site-packages (from nbformat>=4.4->nbconvert>=4.2->jupyter_contrib_nbextensions) (3.2.0)
Requirement already satisfied: webencodings in ./anaconda3/envs/JupyterSystemEnv/lib/python3.6/site-packages (from bleach->nbconvert>=4.2->jupyter_contrib_nbextensions) (0.5.1)
Requirement already satisfied: python-dateutil>=2.1 in ./anaconda3/envs/JupyterSystemEnv/lib/python3.6/site-packages (from jupyter-client>=5.2.0->notebook>=4.0->jupyter_contrib_nbextensions) (2.8.1)
Requirement already satisfied: pexpect; sys_platform != "win32" in ./anaconda3/envs/JupyterSystemEnv/lib/python3.6/site-packages (from ipython->jupyter-latex-envs>=1.3.8->jupyter_contrib_nbextensions) (4.8.0)
Requirement already satisfied: backcall in ./anaconda3/envs/JupyterSystemEnv/lib/python3.6/site-packages (from ipython->jupyter-latex-envs>=1.3.8->jupyter_contrib_nbextensions) (0.1.0)
Requirement already satisfied: jedi>=0.10 in ./anaconda3/envs/JupyterSystemEnv/lib/python3.6/site-packages (from ipython->jupyter-latex-envs>=1.3.8->jupyter_contrib_nbextensions) (0.16.0)
Requirement already satisfied: prompt-toolkit!=3.0.0,!=3.0.1,<3.1.0,>=2.0.0 in ./anaconda3/envs/JupyterSystemEnv/lib/python3.6/site-packages (from ipython->jupyter-latex-envs>=1.3.8->jupyter_contrib_nbextensions) (3.0.3)
Requirement already satisfied: pickleshare in ./anaconda3/envs/JupyterSystemEnv/lib/python3.6/site-packages (from ipython->jupyter-latex-envs>=1.3.8->jupyter_contrib_nbextensions) (0.7.5)
Requirement already satisfied: importlib-metadata; python_version < "3.8" in ./anaconda3/envs/JupyterSystemEnv/lib/python3.6/site-packages (from jsonschema!=2.5.0,>=2.4->nbformat>=4.4->nbconvert>=4.2->jupyter_contrib_nbextensions) (1.5.0)
Requirement already satisfied: attrs>=17.4.0 in ./anaconda3/envs/JupyterSystemEnv/lib/python3.6/site-packages (from jsonschema!=2.5.0,>=2.4->nbformat>=4.4->nbconvert>=4.2->jupyter_contrib_nbextensions) (19.3.0)
Requirement already satisfied: pyrsistent>=0.14.0 in ./anaconda3/envs/JupyterSystemEnv/lib/python3.6/site-packages (from jsonschema!=2.5.0,>=2.4->nbformat>=4.4->nbconvert>=4.2->jupyter_contrib_nbextensions) (0.15.7)
Requirement already satisfied: ptyprocess>=0.5 in ./anaconda3/envs/JupyterSystemEnv/lib/python3.6/site-packages (from pexpect; sys_platform != "win32"->ipython->jupyter-latex-envs>=1.3.8->jupyter_contrib_nbextensions) (0.6.0)
Requirement already satisfied: parso>=0.5.2 in ./anaconda3/envs/JupyterSystemEnv/lib/python3.6/site-packages (from jedi>=0.10->ipython->jupyter-latex-envs>=1.3.8->jupyter_contrib_nbextensions) (0.6.1)
Requirement already satisfied: wcwidth in ./anaconda3/envs/JupyterSystemEnv/lib/python3.6/site-packages (from prompt-toolkit!=3.0.0,!=3.0.1,<3.1.0,>=2.0.0->ipython->jupyter-latex-envs>=1.3.8->jupyter_contrib_nbextensions) (0.1.8)
Requirement already satisfied: zipp>=0.5 in ./anaconda3/envs/JupyterSystemEnv/lib/python3.6/site-packages (from importlib-metadata; python_version < "3.8"->jsonschema!=2.5.0,>=2.4->nbformat>=4.4->nbconvert>=4.2->jupyter_contrib_nbextensions) (2.2.0)
Building wheels for collected packages: jupyter-nbextensions-configurator, jupyter-latex-envs
  Building wheel for jupyter-nbextensions-configurator (setup.py): started
  Building wheel for jupyter-nbextensions-configurator (setup.py): finished with status 'done'
  Created wheel for jupyter-nbextensions-configurator: filename=jupyter_nbextensions_configurator-0.4.1-py2.py3-none-any.whl size=465825 sha256=4e719dd101f89a8178d7afd278945227c4ca508ea9e587cb5f18991c927cc97c
  Stored in directory: /home/ec2-user/.cache/pip/wheels/ca/a9/d7/a25604ecdf245a237594b33911a4af1aff9ec3c8e517f55401
  Building wheel for jupyter-latex-envs (setup.py): started
  Building wheel for jupyter-latex-envs (setup.py): finished with status 'done'
  Created wheel for jupyter-latex-envs: filename=jupyter_latex_envs-1.4.6-py2.py3-none-any.whl size=963395 sha256=78498e25e6e094680f34dfadc073123ffc25c72ed256f952b39b4d8168ee0225
  Stored in directory: /home/ec2-user/.cache/pip/wheels/cd/51/ee/c0fe3c4463ebd357f6b135fcb58667d84079b3e0e8287ec9ea
Successfully built jupyter-nbextensions-configurator jupyter-latex-envs
Installing collected packages: lxml, jupyter-contrib-core, jupyter-nbextensions-configurator, jupyter-latex-envs, jupyter-highlight-selected-word, jupyter-contrib-nbextensions
Successfully installed jupyter-contrib-core-0.3.3 jupyter-contrib-nbextensions-0.5.1 jupyter-highlight-selected-word-0.2.0 jupyter-latex-envs-1.4.6 jupyter-nbextensions-configurator-0.4.1 lxml-4.5.0
Requirement already satisfied: jupyter_nbextensions_configurator in ./anaconda3/envs/JupyterSystemEnv/lib/python3.6/site-packages (0.4.1)
Requirement already satisfied: jupyter-contrib-core>=0.3.3 in ./anaconda3/envs/JupyterSystemEnv/lib/python3.6/site-packages (from jupyter_nbextensions_configurator) (0.3.3)
Requirement already satisfied: tornado in ./anaconda3/envs/JupyterSystemEnv/lib/python3.6/site-packages (from jupyter_nbextensions_configurator) (6.0.4)
Requirement already satisfied: traitlets in ./anaconda3/envs/JupyterSystemEnv/lib/python3.6/site-packages (from jupyter_nbextensions_configurator) (4.3.3)
Requirement already satisfied: pyyaml in ./anaconda3/envs/JupyterSystemEnv/lib/python3.6/site-packages (from jupyter_nbextensions_configurator) (5.3)
Requirement already satisfied: notebook>=4.0 in ./anaconda3/envs/JupyterSystemEnv/lib/python3.6/site-packages (from jupyter_nbextensions_configurator) (5.7.8)
Requirement already satisfied: jupyter-core in ./anaconda3/envs/JupyterSystemEnv/lib/python3.6/site-packages (from jupyter_nbextensions_configurator) (4.6.1)
Requirement already satisfied: setuptools in ./anaconda3/envs/JupyterSystemEnv/lib/python3.6/site-packages (from jupyter-contrib-core>=0.3.3->jupyter_nbextensions_configurator) (46.0.0.post20200309)
Requirement already satisfied: decorator in ./anaconda3/envs/JupyterSystemEnv/lib/python3.6/site-packages (from traitlets->jupyter_nbextensions_configurator) (4.4.2)
Requirement already satisfied: ipython-genutils in ./anaconda3/envs/JupyterSystemEnv/lib/python3.6/site-packages (from traitlets->jupyter_nbextensions_configurator) (0.2.0)
Requirement already satisfied: six in ./anaconda3/envs/JupyterSystemEnv/lib/python3.6/site-packages (from traitlets->jupyter_nbextensions_configurator) (1.14.0)
Requirement already satisfied: ipykernel in ./anaconda3/envs/JupyterSystemEnv/lib/python3.6/site-packages (from notebook>=4.0->jupyter_nbextensions_configurator) (5.1.4)
Requirement already satisfied: nbconvert in ./anaconda3/envs/JupyterSystemEnv/lib/python3.6/site-packages (from notebook>=4.0->jupyter_nbextensions_configurator) (5.6.1)
Requirement already satisfied: jinja2 in ./anaconda3/envs/JupyterSystemEnv/lib/python3.6/site-packages (from notebook>=4.0->jupyter_nbextensions_configurator) (2.11.1)
Requirement already satisfied: pyzmq>=17 in ./anaconda3/envs/JupyterSystemEnv/lib/python3.6/site-packages (from notebook>=4.0->jupyter_nbextensions_configurator) (18.1.1)
Requirement already satisfied: Send2Trash in ./anaconda3/envs/JupyterSystemEnv/lib/python3.6/site-packages (from notebook>=4.0->jupyter_nbextensions_configurator) (1.5.0)
Requirement already satisfied: prometheus-client in ./anaconda3/envs/JupyterSystemEnv/lib/python3.6/site-packages (from notebook>=4.0->jupyter_nbextensions_configurator) (0.7.1)
Requirement already satisfied: nbformat in ./anaconda3/envs/JupyterSystemEnv/lib/python3.6/site-packages (from notebook>=4.0->jupyter_nbextensions_configurator) (5.0.4)
Requirement already satisfied: terminado>=0.8.1 in ./anaconda3/envs/JupyterSystemEnv/lib/python3.6/site-packages (from notebook>=4.0->jupyter_nbextensions_configurator) (0.8.3)
Requirement already satisfied: jupyter-client>=5.2.0 in ./anaconda3/envs/JupyterSystemEnv/lib/python3.6/site-packages (from notebook>=4.0->jupyter_nbextensions_configurator) (5.3.4)
Requirement already satisfied: ipython>=5.0.0 in ./anaconda3/envs/JupyterSystemEnv/lib/python3.6/site-packages (from ipykernel->notebook>=4.0->jupyter_nbextensions_configurator) (7.13.0)
Requirement already satisfied: pandocfilters>=1.4.1 in ./anaconda3/envs/JupyterSystemEnv/lib/python3.6/site-packages (from nbconvert->notebook>=4.0->jupyter_nbextensions_configurator) (1.4.2)
Requirement already satisfied: bleach in ./anaconda3/envs/JupyterSystemEnv/lib/python3.6/site-packages (from nbconvert->notebook>=4.0->jupyter_nbextensions_configurator) (3.1.0)
Requirement already satisfied: testpath in ./anaconda3/envs/JupyterSystemEnv/lib/python3.6/site-packages (from nbconvert->notebook>=4.0->jupyter_nbextensions_configurator) (0.4.4)
Requirement already satisfied: entrypoints>=0.2.2 in ./anaconda3/envs/JupyterSystemEnv/lib/python3.6/site-packages (from nbconvert->notebook>=4.0->jupyter_nbextensions_configurator) (0.3)
Requirement already satisfied: mistune<2,>=0.8.1 in ./anaconda3/envs/JupyterSystemEnv/lib/python3.6/site-packages (from nbconvert->notebook>=4.0->jupyter_nbextensions_configurator) (0.8.4)
Requirement already satisfied: defusedxml in ./anaconda3/envs/JupyterSystemEnv/lib/python3.6/site-packages (from nbconvert->notebook>=4.0->jupyter_nbextensions_configurator) (0.6.0)
Requirement already satisfied: pygments in ./anaconda3/envs/JupyterSystemEnv/lib/python3.6/site-packages (from nbconvert->notebook>=4.0->jupyter_nbextensions_configurator) (2.5.2)
Requirement already satisfied: MarkupSafe>=0.23 in ./anaconda3/envs/JupyterSystemEnv/lib/python3.6/site-packages (from jinja2->notebook>=4.0->jupyter_nbextensions_configurator) (1.1.1)
Requirement already satisfied: jsonschema!=2.5.0,>=2.4 in ./anaconda3/envs/JupyterSystemEnv/lib/python3.6/site-packages (from nbformat->notebook>=4.0->jupyter_nbextensions_configurator) (3.2.0)
Requirement already satisfied: python-dateutil>=2.1 in ./anaconda3/envs/JupyterSystemEnv/lib/python3.6/site-packages (from jupyter-client>=5.2.0->notebook>=4.0->jupyter_nbextensions_configurator) (2.8.1)
Requirement already satisfied: pickleshare in ./anaconda3/envs/JupyterSystemEnv/lib/python3.6/site-packages (from ipython>=5.0.0->ipykernel->notebook>=4.0->jupyter_nbextensions_configurator) (0.7.5)
Requirement already satisfied: prompt-toolkit!=3.0.0,!=3.0.1,<3.1.0,>=2.0.0 in ./anaconda3/envs/JupyterSystemEnv/lib/python3.6/site-packages (from ipython>=5.0.0->ipykernel->notebook>=4.0->jupyter_nbextensions_configurator) (3.0.3)
Requirement already satisfied: backcall in ./anaconda3/envs/JupyterSystemEnv/lib/python3.6/site-packages (from ipython>=5.0.0->ipykernel->notebook>=4.0->jupyter_nbextensions_configurator) (0.1.0)
Requirement already satisfied: pexpect; sys_platform != "win32" in ./anaconda3/envs/JupyterSystemEnv/lib/python3.6/site-packages (from ipython>=5.0.0->ipykernel->notebook>=4.0->jupyter_nbextensions_configurator) (4.8.0)
Requirement already satisfied: jedi>=0.10 in ./anaconda3/envs/JupyterSystemEnv/lib/python3.6/site-packages (from ipython>=5.0.0->ipykernel->notebook>=4.0->jupyter_nbextensions_configurator) (0.16.0)
Requirement already satisfied: webencodings in ./anaconda3/envs/JupyterSystemEnv/lib/python3.6/site-packages (from bleach->nbconvert->notebook>=4.0->jupyter_nbextensions_configurator) (0.5.1)
Requirement already satisfied: attrs>=17.4.0 in ./anaconda3/envs/JupyterSystemEnv/lib/python3.6/site-packages (from jsonschema!=2.5.0,>=2.4->nbformat->notebook>=4.0->jupyter_nbextensions_configurator) (19.3.0)
Requirement already satisfied: importlib-metadata; python_version < "3.8" in ./anaconda3/envs/JupyterSystemEnv/lib/python3.6/site-packages (from jsonschema!=2.5.0,>=2.4->nbformat->notebook>=4.0->jupyter_nbextensions_configurator) (1.5.0)
Requirement already satisfied: pyrsistent>=0.14.0 in ./anaconda3/envs/JupyterSystemEnv/lib/python3.6/site-packages (from jsonschema!=2.5.0,>=2.4->nbformat->notebook>=4.0->jupyter_nbextensions_configurator) (0.15.7)
Requirement already satisfied: wcwidth in ./anaconda3/envs/JupyterSystemEnv/lib/python3.6/site-packages (from prompt-toolkit!=3.0.0,!=3.0.1,<3.1.0,>=2.0.0->ipython>=5.0.0->ipykernel->notebook>=4.0->jupyter_nbextensions_configurator) (0.1.8)
Requirement already satisfied: ptyprocess>=0.5 in ./anaconda3/envs/JupyterSystemEnv/lib/python3.6/site-packages (from pexpect; sys_platform != "win32"->ipython>=5.0.0->ipykernel->notebook>=4.0->jupyter_nbextensions_configurator) (0.6.0)
Requirement already satisfied: parso>=0.5.2 in ./anaconda3/envs/JupyterSystemEnv/lib/python3.6/site-packages (from jedi>=0.10->ipython>=5.0.0->ipykernel->notebook>=4.0->jupyter_nbextensions_configurator) (0.6.1)
Requirement already satisfied: zipp>=0.5 in ./anaconda3/envs/JupyterSystemEnv/lib/python3.6/site-packages (from importlib-metadata; python_version < "3.8"->jsonschema!=2.5.0,>=2.4->nbformat->notebook>=4.0->jupyter_nbextensions_configurator) (2.2.0)
Processing ./.cache/pip/wheels/14/21/b4/4380b3820a70afb3ece4d606b229068035bdec827313e1faf9/qgrid-1.3.0-py2.py3-none-any.whl
Requirement already satisfied: ipywidgets>=7.0.0 in ./anaconda3/envs/JupyterSystemEnv/lib/python3.6/site-packages (from qgrid) (7.5.1)
Requirement already satisfied: notebook>=4.0.0 in ./anaconda3/envs/JupyterSystemEnv/lib/python3.6/site-packages (from qgrid) (5.7.8)
Requirement already satisfied: pandas>=0.18.0 in ./anaconda3/envs/JupyterSystemEnv/lib/python3.6/site-packages (from qgrid) (0.22.0)
Requirement already satisfied: traitlets>=4.3.1 in ./anaconda3/envs/JupyterSystemEnv/lib/python3.6/site-packages (from ipywidgets>=7.0.0->qgrid) (4.3.3)
Requirement already satisfied: nbformat>=4.2.0 in ./anaconda3/envs/JupyterSystemEnv/lib/python3.6/site-packages (from ipywidgets>=7.0.0->qgrid) (5.0.4)
Requirement already satisfied: ipython>=4.0.0; python_version >= "3.3" in ./anaconda3/envs/JupyterSystemEnv/lib/python3.6/site-packages (from ipywidgets>=7.0.0->qgrid) (7.13.0)
Requirement already satisfied: ipykernel>=4.5.1 in ./anaconda3/envs/JupyterSystemEnv/lib/python3.6/site-packages (from ipywidgets>=7.0.0->qgrid) (5.1.4)
Requirement already satisfied: widgetsnbextension~=3.5.0 in ./anaconda3/envs/JupyterSystemEnv/lib/python3.6/site-packages (from ipywidgets>=7.0.0->qgrid) (3.5.1)
Requirement already satisfied: ipython-genutils in ./anaconda3/envs/JupyterSystemEnv/lib/python3.6/site-packages (from notebook>=4.0.0->qgrid) (0.2.0)
Requirement already satisfied: jupyter-core>=4.4.0 in ./anaconda3/envs/JupyterSystemEnv/lib/python3.6/site-packages (from notebook>=4.0.0->qgrid) (4.6.1)
Requirement already satisfied: jupyter-client>=5.2.0 in ./anaconda3/envs/JupyterSystemEnv/lib/python3.6/site-packages (from notebook>=4.0.0->qgrid) (5.3.4)
Requirement already satisfied: tornado<7,>=4.1 in ./anaconda3/envs/JupyterSystemEnv/lib/python3.6/site-packages (from notebook>=4.0.0->qgrid) (6.0.4)
Requirement already satisfied: Send2Trash in ./anaconda3/envs/JupyterSystemEnv/lib/python3.6/site-packages (from notebook>=4.0.0->qgrid) (1.5.0)
Requirement already satisfied: nbconvert in ./anaconda3/envs/JupyterSystemEnv/lib/python3.6/site-packages (from notebook>=4.0.0->qgrid) (5.6.1)
Requirement already satisfied: jinja2 in ./anaconda3/envs/JupyterSystemEnv/lib/python3.6/site-packages (from notebook>=4.0.0->qgrid) (2.11.1)
Requirement already satisfied: pyzmq>=17 in ./anaconda3/envs/JupyterSystemEnv/lib/python3.6/site-packages (from notebook>=4.0.0->qgrid) (18.1.1)
Requirement already satisfied: terminado>=0.8.1 in ./anaconda3/envs/JupyterSystemEnv/lib/python3.6/site-packages (from notebook>=4.0.0->qgrid) (0.8.3)
Requirement already satisfied: prometheus-client in ./anaconda3/envs/JupyterSystemEnv/lib/python3.6/site-packages (from notebook>=4.0.0->qgrid) (0.7.1)
Requirement already satisfied: numpy>=1.9.0 in ./anaconda3/envs/JupyterSystemEnv/lib/python3.6/site-packages (from pandas>=0.18.0->qgrid) (1.18.1)
Requirement already satisfied: python-dateutil>=2 in ./anaconda3/envs/JupyterSystemEnv/lib/python3.6/site-packages (from pandas>=0.18.0->qgrid) (2.8.1)
Requirement already satisfied: pytz>=2011k in ./anaconda3/envs/JupyterSystemEnv/lib/python3.6/site-packages (from pandas>=0.18.0->qgrid) (2019.3)
Requirement already satisfied: six in ./anaconda3/envs/JupyterSystemEnv/lib/python3.6/site-packages (from traitlets>=4.3.1->ipywidgets>=7.0.0->qgrid) (1.14.0)
Requirement already satisfied: decorator in ./anaconda3/envs/JupyterSystemEnv/lib/python3.6/site-packages (from traitlets>=4.3.1->ipywidgets>=7.0.0->qgrid) (4.4.2)
Requirement already satisfied: jsonschema!=2.5.0,>=2.4 in ./anaconda3/envs/JupyterSystemEnv/lib/python3.6/site-packages (from nbformat>=4.2.0->ipywidgets>=7.0.0->qgrid) (3.2.0)
Requirement already satisfied: backcall in ./anaconda3/envs/JupyterSystemEnv/lib/python3.6/site-packages (from ipython>=4.0.0; python_version >= "3.3"->ipywidgets>=7.0.0->qgrid) (0.1.0)
Requirement already satisfied: pickleshare in ./anaconda3/envs/JupyterSystemEnv/lib/python3.6/site-packages (from ipython>=4.0.0; python_version >= "3.3"->ipywidgets>=7.0.0->qgrid) (0.7.5)
Requirement already satisfied: jedi>=0.10 in ./anaconda3/envs/JupyterSystemEnv/lib/python3.6/site-packages (from ipython>=4.0.0; python_version >= "3.3"->ipywidgets>=7.0.0->qgrid) (0.16.0)
Requirement already satisfied: pexpect; sys_platform != "win32" in ./anaconda3/envs/JupyterSystemEnv/lib/python3.6/site-packages (from ipython>=4.0.0; python_version >= "3.3"->ipywidgets>=7.0.0->qgrid) (4.8.0)
Requirement already satisfied: setuptools>=18.5 in ./anaconda3/envs/JupyterSystemEnv/lib/python3.6/site-packages (from ipython>=4.0.0; python_version >= "3.3"->ipywidgets>=7.0.0->qgrid) (46.0.0.post20200309)
Requirement already satisfied: prompt-toolkit!=3.0.0,!=3.0.1,<3.1.0,>=2.0.0 in ./anaconda3/envs/JupyterSystemEnv/lib/python3.6/site-packages (from ipython>=4.0.0; python_version >= "3.3"->ipywidgets>=7.0.0->qgrid) (3.0.3)
Requirement already satisfied: pygments in ./anaconda3/envs/JupyterSystemEnv/lib/python3.6/site-packages (from ipython>=4.0.0; python_version >= "3.3"->ipywidgets>=7.0.0->qgrid) (2.5.2)
Requirement already satisfied: testpath in ./anaconda3/envs/JupyterSystemEnv/lib/python3.6/site-packages (from nbconvert->notebook>=4.0.0->qgrid) (0.4.4)
Requirement already satisfied: mistune<2,>=0.8.1 in ./anaconda3/envs/JupyterSystemEnv/lib/python3.6/site-packages (from nbconvert->notebook>=4.0.0->qgrid) (0.8.4)
Requirement already satisfied: pandocfilters>=1.4.1 in ./anaconda3/envs/JupyterSystemEnv/lib/python3.6/site-packages (from nbconvert->notebook>=4.0.0->qgrid) (1.4.2)
Requirement already satisfied: bleach in ./anaconda3/envs/JupyterSystemEnv/lib/python3.6/site-packages (from nbconvert->notebook>=4.0.0->qgrid) (3.1.0)
Requirement already satisfied: defusedxml in ./anaconda3/envs/JupyterSystemEnv/lib/python3.6/site-packages (from nbconvert->notebook>=4.0.0->qgrid) (0.6.0)
Requirement already satisfied: entrypoints>=0.2.2 in ./anaconda3/envs/JupyterSystemEnv/lib/python3.6/site-packages (from nbconvert->notebook>=4.0.0->qgrid) (0.3)
Requirement already satisfied: MarkupSafe>=0.23 in ./anaconda3/envs/JupyterSystemEnv/lib/python3.6/site-packages (from jinja2->notebook>=4.0.0->qgrid) (1.1.1)
Requirement already satisfied: importlib-metadata; python_version < "3.8" in ./anaconda3/envs/JupyterSystemEnv/lib/python3.6/site-packages (from jsonschema!=2.5.0,>=2.4->nbformat>=4.2.0->ipywidgets>=7.0.0->qgrid) (1.5.0)
Requirement already satisfied: pyrsistent>=0.14.0 in ./anaconda3/envs/JupyterSystemEnv/lib/python3.6/site-packages (from jsonschema!=2.5.0,>=2.4->nbformat>=4.2.0->ipywidgets>=7.0.0->qgrid) (0.15.7)
Requirement already satisfied: attrs>=17.4.0 in ./anaconda3/envs/JupyterSystemEnv/lib/python3.6/site-packages (from jsonschema!=2.5.0,>=2.4->nbformat>=4.2.0->ipywidgets>=7.0.0->qgrid) (19.3.0)
Requirement already satisfied: parso>=0.5.2 in ./anaconda3/envs/JupyterSystemEnv/lib/python3.6/site-packages (from jedi>=0.10->ipython>=4.0.0; python_version >= "3.3"->ipywidgets>=7.0.0->qgrid) (0.6.1)
Requirement already satisfied: ptyprocess>=0.5 in ./anaconda3/envs/JupyterSystemEnv/lib/python3.6/site-packages (from pexpect; sys_platform != "win32"->ipython>=4.0.0; python_version >= "3.3"->ipywidgets>=7.0.0->qgrid) (0.6.0)
Requirement already satisfied: wcwidth in ./anaconda3/envs/JupyterSystemEnv/lib/python3.6/site-packages (from prompt-toolkit!=3.0.0,!=3.0.1,<3.1.0,>=2.0.0->ipython>=4.0.0; python_version >= "3.3"->ipywidgets>=7.0.0->qgrid) (0.1.8)
Requirement already satisfied: webencodings in ./anaconda3/envs/JupyterSystemEnv/lib/python3.6/site-packages (from bleach->nbconvert->notebook>=4.0.0->qgrid) (0.5.1)
Requirement already satisfied: zipp>=0.5 in ./anaconda3/envs/JupyterSystemEnv/lib/python3.6/site-packages (from importlib-metadata; python_version < "3.8"->jsonschema!=2.5.0,>=2.4->nbformat>=4.2.0->ipywidgets>=7.0.0->qgrid) (2.2.0)
Installing collected packages: qgrid
Successfully installed qgrid-1.3.0
Restarting jupyter notebook server. Goodbye!
